.2014-06-06T15:17:14.789Z - [31merror[39m: 
2014-06-06T17:04:31.314Z - [31merror[39m:  domain=null, , _maxListeners=10, host=archangels-mysql-1.cosspg3vhv3e.ap-northeast-1.rds.amazonaws.com, port=3306, localAddress=undefined, socketPath=undefined, user=wedadmin, password=!arch1004s, database=archangels, connectTimeout=120000, insecureAuth=false, supportBigNumbers=false, bigNumberStrings=false, dateStrings=false, debug=undefined, trace=true, stringifyObjects=false, timezone=local, flags=, queryFormat=undefined, pool=undefined, ssl=false, multipleStatements=false, typeCast=true, maxPacketSize=0, charsetNumber=33, clientFlags=193487, protocol41=true, _connecting=false, fd=null, writeQueueSize=0, $ref=$["_socket"], onread=function onread(buffer, offset, length) {
  var handle = this;
  var self = handle.owner;
  assert(handle === self._handle, 'handle != self._handle');

  timers._unrefActive(self);

  var end = offset + length;
  debug('onread', process._errno, offset, length, end);

  if (buffer) {
    debug('got data');

    // read success.
    // In theory (and in practice) calling readStop right now
    // will prevent this from being called again until _read() gets
    // called again.

    // if we didn't get any bytes, that doesn't necessarily mean EOF.
    // wait for the next one.
    if (offset === end) {
      debug('not any data, keep waiting');
      return;
    }

    // if it's not enough data, we'll just call handle.readStart()
    // again right away.
    self.bytesRead += length;

    // Optimization: emit the original buffer with end points
    var ret = true;
    if (self.ondata) self.ondata(buffer, offset, end);
    else ret = self.push(buffer.slice(offset, end));

    if (handle.reading && !ret) {
      handle.reading = false;
      debug('readStop');
      var r = handle.readStop();
      if (r)
        self._destroy(errnoException(process._errno, 'read'));
    }

  } else if (process._errno == 'EOF') {
    debug('EOF');

    if (self._readableState.length === 0) {
      self.readable = false;
      maybeDestroy(self);
    }

    if (self.onend) self.once('end', self.onend);

    // push a null to signal the end of data.
    self.push(null);

    // internal end event so that we know that the actual socket
    // is no longer readable, and we can start the shutdown
    // procedure. No need to wait for all the data to be consumed.
    self.emit('_socketEnd');
  } else {
    debug('error', process._errno);
    // Error
    self._destroy(errnoException(process._errno, 'read'));
  }
}, reading=true, highWaterMark=16384, buffer=[], length=0, pipes=null, pipesCount=0, flowing=false, ended=false, endEmitted=false, reading=true, calledRead=true, sync=false, needReadable=true, emittedReadable=false, readableListening=false, objectMode=false, defaultEncoding=utf8, ranOut=false, awaitDrain=0, readingMore=false, decoder=null, encoding=null, readable=true, domain=null, end=[function g() {
    this.removeListener(type, g);

    if (!fired) {
      fired = true;
      listener.apply(this, arguments);
    }
  }, function (err) {
      connection._protocol.end();
    }], finish=function onSocketFinish() {
  // If still connecting - defer handling 'finish' until 'connect' will happen
  if (this._connecting) {
    debug('osF: not yet connected');
    return this.once('connect', onSocketFinish);
  }

  debug('onSocketFinish');
  if (!this.readable || this._readableState.ended) {
    debug('oSF: ended, destroy', this._readableState);
    return this.destroy();
  }

  debug('oSF: not ended, call shutdown()');

  // otherwise, just shutdown, or destroy() if not possible
  if (!this._handle || !this._handle.shutdown)
    return this.destroy();

  var shutdownReq = this._handle.shutdown();

  if (!shutdownReq)
    return this._destroy(errnoException(process._errno, 'shutdown'));

  shutdownReq.oncomplete = afterShutdown;
}, _socketEnd=function onSocketEnd() {
  // XXX Should not have to do as much crap in this function.
  // ended should already be true, since this is called *after*
  // the EOF errno and onread has eof'ed
  debug('onSocketEnd', this._readableState);
  this._readableState.ended = true;
  if (this._readableState.endEmitted) {
    this.readable = false;
    maybeDestroy(this);
  } else {
    this.once('end', function() {
      this.readable = false;
      maybeDestroy(this);
    });
    this.read(0);
  }

  if (!this.allowHalfOpen) {
    this.write = writeAfterFIN;
    this.destroySoon();
  }
}, data=function (data) {
      connection._protocol.write(data);
    }, readable=function () {
    readable = true;

    var c;
    while (!paused && (null !== (c = stream.read())))
      stream.emit('data', c);

    if (c === null) {
      readable = false;
      stream._readableState.needReadable = true;
    }
  }, connect=[function () { [native code] }], error=function () { [native code] }, _maxListeners=10, highWaterMark=16384, objectMode=false, needDrain=false, ending=false, ended=false, finished=false, decodeStrings=false, defaultEncoding=utf8, length=0, writing=false, sync=false, bufferProcessing=false, onwrite=function (er) {
    onwrite(stream, er);
  }, writecb=null, writelen=0, buffer=[], errorEmitted=false, writable=true, allowHalfOpen=false, onend=null, destroyed=false, bytesRead=93, _bytesDispatched=77, _pendingData=null, _pendingEncoding=, pipe=function (dest, options) {
  var source = this;

  function ondata(chunk) {
    if (dest.writable) {
      if (false === dest.write(chunk) && source.pause) {
        source.pause();
      }
    }
  }

  source.on('data', ondata);

  function ondrain() {
    if (source.readable && source.resume) {
      source.resume();
    }
  }

  dest.on('drain', ondrain);

  // If the 'end' option is not supplied, dest.end() will be called when
  // source gets the 'end' or 'close' events.  Only dest.end() once.
  if (!dest._isStdio && (!options || options.end !== false)) {
    source.on('end', onend);
    source.on('close', onclose);
  }

  var didOnEnd = false;
  function onend() {
    if (didOnEnd) return;
    didOnEnd = true;

    dest.end();
  }


  function onclose() {
    if (didOnEnd) return;
    didOnEnd = true;

    if (typeof dest.destroy === 'function') dest.destroy();
  }

  // don't leave dangling pipes when there are errors.
  function onerror(er) {
    cleanup();
    if (EE.listenerCount(this, 'error') === 0) {
      throw er; // Unhandled stream error in pipe.
    }
  }

  source.on('error', onerror);
  dest.on('error', onerror);

  // remove all the event listeners that were added.
  function cleanup() {
    source.removeListener('data', ondata);
    dest.removeListener('drain', ondrain);

    source.removeListener('end', onend);
    source.removeListener('close', onclose);

    source.removeListener('error', onerror);
    dest.removeListener('error', onerror);

    source.removeListener('end', cleanup);
    source.removeListener('close', cleanup);

    dest.removeListener('close', cleanup);
  }

  source.on('end', cleanup);
  source.on('close', cleanup);

  dest.on('close', cleanup);

  dest.emit('pipe', source);

  // Allow for unix-like usage: A.pipe(B).pipe(C)
  return dest;
}, addListener=function (type, listener) {
  var m;

  if (typeof listener !== 'function')
    throw TypeError('listener must be a function');

  if (!this._events)
    this._events = {};

  // To avoid recursion in the case that type === "newListener"! Before
  // adding it to the listeners, first emit "newListener".
  if (this._events.newListener)
    this.emit('newListener', type, typeof listener.listener === 'function' ?
              listener.listener : listener);

  if (!this._events[type])
    // Optimize the case of one listener. Don't need the extra array object.
    this._events[type] = listener;
  else if (typeof this._events[type] === 'object')
    // If we've already got an array, just append.
    this._events[type].push(listener);
  else
    // Adding the second element, need to change to array.
    this._events[type] = [this._events[type], listener];

  // Check for listener leak
  if (typeof this._events[type] === 'object' && !this._events[type].warned) {
    m = this._maxListeners;
    if (m && m > 0 && this._events[type].length > m) {
      this._events[type].warned = true;
      console.error('(node) warning: possible EventEmitter memory ' +
                    'leak detected. %d listeners added. ' +
                    'Use emitter.setMaxListeners() to increase limit.',
                    this._events[type].length);
      console.trace();
    }
  }

  return this;
}, on=function (type, listener) {
  var m;

  if (typeof listener !== 'function')
    throw TypeError('listener must be a function');

  if (!this._events)
    this._events = {};

  // To avoid recursion in the case that type === "newListener"! Before
  // adding it to the listeners, first emit "newListener".
  if (this._events.newListener)
    this.emit('newListener', type, typeof listener.listener === 'function' ?
              listener.listener : listener);

  if (!this._events[type])
    // Optimize the case of one listener. Don't need the extra array object.
    this._events[type] = listener;
  else if (typeof this._events[type] === 'object')
    // If we've already got an array, just append.
    this._events[type].push(listener);
  else
    // Adding the second element, need to change to array.
    this._events[type] = [this._events[type], listener];

  // Check for listener leak
  if (typeof this._events[type] === 'object' && !this._events[type].warned) {
    m = this._maxListeners;
    if (m && m > 0 && this._events[type].length > m) {
      this._events[type].warned = true;
      console.error('(node) warning: possible EventEmitter memory ' +
                    'leak detected. %d listeners added. ' +
                    'Use emitter.setMaxListeners() to increase limit.',
                    this._events[type].length);
      console.trace();
    }
  }

  return this;
}, pause=function () {
    paused = true;
    this.emit('pause');
  }, resume=function () {
    paused = false;
    if (readable)
      process.nextTick(function() {
        stream.emit('readable');
      });
    else
      this.read(0);
    this.emit('resume');
  }, read=function (n) {
  var state = this._readableState;
  state.calledRead = true;
  var nOrig = n;

  if (typeof n !== 'number' || n > 0)
    state.emittedReadable = false;

  // if we're doing read(0) to trigger a readable event, but we
  // already have a bunch of data in the buffer, then just trigger
  // the 'readable' event and move on.
  if (n === 0 &&
      state.needReadable &&
      (state.length >= state.highWaterMark || state.ended)) {
    emitReadable(this);
    return null;
  }

  n = howMuchToRead(n, state);

  // if we've ended, and we're now clear, then finish it up.
  if (n === 0 && state.ended) {
    if (state.length === 0)
      endReadable(this);
    return null;
  }

  // All the actual chunk generation logic needs to be
  // *below* the call to _read.  The reason is that in certain
  // synthetic stream cases, such as passthrough streams, _read
  // may be a completely synchronous operation which may change
  // the state of the read buffer, providing enough data when
  // before there was *not* enough.
  //
  // So, the steps are:
  // 1. Figure out what the state of things will be after we do
  // a read from the buffer.
  //
  // 2. If that resulting state will trigger a _read, then call _read.
  // Note that this may be asynchronous, or synchronous.  Yes, it is
  // deeply ugly to write APIs this way, but that still doesn't mean
  // that the Readable class should behave improperly, as streams are
  // designed to be sync/async agnostic.
  // Take note if the _read call is sync or async (ie, if the read call
  // has returned yet), so that we know whether or not it's safe to emit
  // 'readable' etc.
  //
  // 3. Actually pull the requested chunks out of the buffer and return.

  // if we need a readable event, then we need to do some reading.
  var doRead = state.needReadable;

  // if we currently have less than the highWaterMark, then also read some
  if (state.length - n <= state.highWaterMark)
    doRead = true;

  // however, if we've ended, then there's no point, and if we're already
  // reading, then it's unnecessary.
  if (state.ended || state.reading)
    doRead = false;

  if (doRead) {
    state.reading = true;
    state.sync = true;
    // if the length is currently zero, then we *need* a readable event.
    if (state.length === 0)
      state.needReadable = true;
    // call internal read method
    this._read(state.highWaterMark);
    state.sync = false;
  }

  // If _read called its callback synchronously, then `reading`
  // will be false, and we need to re-evaluate how much data we
  // can return to the user.
  if (doRead && !state.reading)
    n = howMuchToRead(nOrig, state);

  var ret;
  if (n > 0)
    ret = fromList(n, state);
  else
    ret = null;

  if (ret === null) {
    state.needReadable = true;
    n = 0;
  }

  state.length -= n;

  // If we have nothing in the buffer, then we want to know
  // as soon as we *do* get something into the buffer.
  if (state.length === 0 && !state.ended)
    state.needReadable = true;

  // If we happened to read() exactly the remaining amount in the
  // buffer, and the EOF has been seen at this point, then make sure
  // that we emit 'end' on the very next tick.
  if (state.ended && !state.endEmitted && state.length === 0)
    endReadable(this);

  return ret;
}, _consuming=true, _idleTimeout=-1, _idleNext=null, _idlePrev=null, _idleStart=1402074264627, domain=null, data=function (data) {
       connection._socket.write(data);
    }, end=[function () {
       connection._socket.end()
    }, function () { [native code] }], handshake=function () { [native code] }, unhandledError=function () { [native code] }, drain=function () { [native code] }, _maxListeners=10, readable=true, writable=true, $ref=$["config"], $ref=$, _callback=null, _fatalError=null, _quitSequence=null, domain=null, error=function (err) {
      self._delegateError(err, sequence);
    }, packet=function (packet) {
      self._emitPacket(packet);
    }, end=function () {
      self._dequeue();
    }, start-tls=function () {
      self._connection._startTLS(function(err) {
        if (err) {
          // SSL negotiation error are fatal
          err.code  = 'HANDSHAKE_SSL_ERROR';
          err.fatal = true;
          sequence.end(err);
          return
        }

        sequence._tlsUpgradeCompleteHandler();
      }) 
    }, _maxListeners=10, _callback=function (error){
                if(error){
                    loge.error(error);
                }
                callback(error, client);
            }, _callSite=null, _ended=true, $ref=$["config"], protocolVersion=10, serverVersion=5.6.17-log, threadId=3653, 0=126, 1=121, 2=102, 3=115, 4=48, 5=49, 6=68, 7=69, length=8, 0=109, 1=111, 2=100, 3=117, 4=108, 5=101, 6=46, 7=101, 8=120, 9=112, 10=111, 11=114, 12=116, 13=115, 14=32, 15=61, 16=32, 17=102, 18=117, 19=110, 20=99, 21=116, 22=105, 23=111, 24=110, 25=32, 26=82, 27=111, 28=117, 29=116, 30=101, 31=115, 32=40, 33=97, 34=112, 35=112, 36=44, 37=32, 38=100, 39=98, 40=112, 41=111, 42=111, 43=108, 44=41, 45=32, 46=123, 47=13, 48=10, 49=13, 50=10, 51=32, 52=32, 53=32, 54=32, 55=118, 56=97, 57=114, 58=32, 59=101, 60=120, 61=112, 62=114, 63=101, 64=115, 65=115, 66=32, 67=61, 68=32, 69=114, 70=101, 71=113, 72=117, 73=105, 74=114, 75=101, 76=40, 77=39, 78=101, 79=120, 80=112, 81=114, 82=101, 83=115, 84=115, 85=39, 86=41, 87=59, 88=13, 89=10, 90=32, 91=32, 92=32, 93=32, 94=118, 95=97, 96=114, 97=32, 98=114, 99=111, 100=117, 101=116, 102=101, 103=114, 104=32, 105=61, 106=32, 107=101, 108=120, 109=112, 110=114, 111=101, 112=115, 113=115, 114=46, 115=82, 116=111, 117=117, 118=116, 119=101, 120=114, 121=40, 122=41, 123=59, 124=13, 125=10, 126=32, 127=32, 128=32, 129=32, 130=118, 131=97, 132=114, 133=32, 134=97, 135=115, 136=121, 137=110, 138=99, 139=32, 140=61, 141=32, 142=114, 143=101, 144=113, 145=117, 146=105, 147=114, 148=101, 149=40, 150=34, 151=97, 152=115, 153=121, 154=110, 155=99, 156=34, 157=41, 158=59, 159=13, 160=10, 161=32, 162=32, 163=32, 164=32, 165=118, 166=97, 167=114, 168=32, 169=117, 170=116, 171=105, 172=108, 173=32, 174=61, 175=32, 176=114, 177=101, 178=113, 179=117, 180=105, 181=114, 182=101, 183=40, 184=34, 185=117, 186=116, 187=105, 188=108, 189=34, 190=41, 191=59, 192=13, 193=10, 194=13, 195=10, 196=32, 197=32, 198=32, 199=32, 200=47, 201=47, 202=32, 203=114, 204=101, 205=116, 206=114, 207=105, 208=101, 209=118, 210=101, 211=32, 212=112, 213=108, 214=97, 215=121, 216=101, 217=114, 218=32, 219=103, 220=97, 221=109, 222=101, 223=32, 224=115, 225=116, 226=97, 227=116, 228=117, 229=115, 230=13, 231=10, 232=32, 233=32, 234=32, 235=32, 236=114, 237=111, 238=117, 239=116, 240=101, 241=114, 242=46, 243=103, 244=101, 245=116, 246=40, 247=39, 248=47, 249=97, 250=112, 251=105, 252=47, 253=117, 254=115, 255=101, 256=114, 257=115, 258=47, 259=112, 260=103, 261=115, 262=50, 263=47, 264=58, 265=105, 266=100, 267=39, 268=44, 269=32, 270=102, 271=117, 272=110, 273=99, 274=116, 275=105, 276=111, 277=110, 278=32, 279=40, 280=114, 281=101, 282=113, 283=44, 284=32, 285=114, 286=101, 287=115, 288=41, 289=32, 290=123, 291=13, 292=10, 293=32, 294=32, 295=32, 296=32, 297=32, 298=32, 299=32, 300=32, 301=118, 302=97, 303=114, 304=32, 305=117, 306=115, 307=101, 308=114, 309=95, 310=105, 311=100, 312=32, 313=61, 314=32, 315=114, 316=101, 317=113, 318=46, 319=112, 320=97, 321=114, 322=97, 323=109, 324=115, 325=46, 326=105, 327=100, 328=59, 329=13, 330=10, 331=13, 332=10, 333=32, 334=32, 335=32, 336=32, 337=32, 338=32, 339=32, 340=32, 341=97, 342=115, 343=121, 344=110, 345=99, 346=46, 347=119, 348=97, 349=116, 350=101, 351=114, 352=102, 353=97, 354=108, 355=108, 356=40, 357=91, 358=13, 359=10, 360=32, 361=32, 362=32, 363=32, 364=32, 365=32, 366=32, 367=32, 368=32, 369=32, 370=32, 371=32, 372=32, 373=32, 374=32, 375=32, 376=102, 377=117, 378=110, 379=99, 380=116, 381=105, 382=111, 383=110, 384=32, 385=40, 386=99, 387=98, 388=41, 389=32, 390=123, 391=13, 392=10, 393=32, 394=32, 395=32, 396=32, 397=32, 398=32, 399=32, 400=32, 401=32, 402=32, 403=32, 404=32, 405=32, 406=32, 407=32, 408=32, 409=32, 410=32, 411=32, 412=32, 413=100, 414=98, 415=112, 416=111, 417=111, 418=108, 419=46, 420=97, 421=99, 422=113, 423=117, 424=105, 425=114, 426=101, 427=40, 428=99, 429=98, 430=41, 431=59, 432=13, 433=10, 434=32, 435=32, 436=32, 437=32, 438=32, 439=32, 440=32, 441=32, 442=32, 443=32, 444=32, 445=32, 446=32, 447=32, 448=32, 449=32, 450=125, 451=44, 452=13, 453=10, 454=32, 455=32, 456=32, 457=32, 458=32, 459=32, 460=32, 461=32, 462=32, 463=32, 464=32, 465=32, 466=32, 467=32, 468=32, 469=32, 470=102, 471=117, 472=110, 473=99, 474=116, 475=105, 476=111, 477=110, 478=32, 479=40, 480=99, 481=111, 482=110, 483=110, 484=44, 485=32, 486=99, 487=98, 488=41, 489=32, 490=123, 491=13, 492=10, 493=32, 494=32, 495=32, 496=32, 497=32, 498=32, 499=32, 500=32, 501=32, 502=32, 503=32, 504=32, 505=32, 506=32, 507=32, 508=32, 509=32, 510=32, 511=32, 512=32, 513=108, 514=111, 515=103, 516=46, 517=100, 518=101, 519=98, 520=117, 521=103, 522=40, 523=97, 524=114, 525=103, 526=117, 527=109, 528=101, 529=110, 530=116, 531=115, 532=46, 533=108, 534=101, 535=110, 536=103, 537=116, 538=104, 539=44, 540=32, 541=50, 542=41, 543=59, 544=13, 545=10, 546=32, 547=32, 548=32, 549=32, 550=32, 551=32, 552=32, 553=32, 554=32, 555=32, 556=32, 557=32, 558=32, 559=32, 560=32, 561=32, 562=32, 563=32, 564=32, 565=32, 566=102, 567=111, 568=114, 569=32, 570=40, 571=118, 572=97, 573=114, 574=32, 575=105, 576=32, 577=61, 578=32, 579=48, 580=59, 581=32, 582=105, 583=32, 584=60, 585=32, 586=97, 587=114, 588=103, 589=117, 590=109, 591=101, 592=110, 593=116, 594=115, 595=46, 596=108, 597=101, 598=110, 599=103, 600=116, 601=104, 602=59, 603=32, 604=105, 605=43, 606=43, 607=41, 608=32, 609=123, 610=13, 611=10, 612=32, 613=32, 614=32, 615=32, 616=32, 617=32, 618=32, 619=32, 620=32, 621=32, 622=32, 623=32, 624=32, 625=32, 626=32, 627=32, 628=32, 629=32, 630=32, 631=32, 632=32, 633=32, 634=32, 635=32, 636=108, 637=111, 638=103, 639=46, 640=100, 641=101, 642=98, 643=117, 644=103, 645=40, 646=116, 647=121, 648=112, 649=101, 650=111, 651=102, 652=32, 653=97, 654=114, 655=103, 656=117, 657=109, 658=101, 659=110, 660=116, 661=115, 662=91, 663=105, 664=93, 665=41, 666=59, 667=13, 668=10, 669=32, 670=32, 671=32, 672=32, 673=32, 674=32, 675=32, 676=32, 677=32, 678=32, 679=32, 680=32, 681=32, 682=32, 683=32, 684=32, 685=32, 686=32, 687=32, 688=32, 689=32, 690=32, 691=32, 692=32, 693=105, 694=102, 695=32, 696=40, 697=116, 698=121, 699=112, 700=101, 701=111, 702=102, 703=32, 704=97, 705=114, 706=103, 707=117, 708=109, 709=101, 710=110, 711=116, 712=115, 713=91, 714=105, 715=93, 716=32, 717=61, 718=61, 719=32, 720=34, 721=111, 722=98, 723=106, 724=101, 725=99, 726=116, 727=34, 728=41, 729=32, 730=123, 731=13, 732=10, 733=32, 734=32, 735=32, 736=32, 737=32, 738=32, 739=32, 740=32, 741=32, 742=32, 743=32, 744=32, 745=32, 746=32, 747=32, 748=32, 749=32, 750=32, 751=32, 752=32, 753=32, 754=32, 755=32, 756=32, 757=32, 758=32, 759=32, 760=32, 761=108, 762=111, 763=103, 764=46, 765=100, 766=101, 767=98, 768=117, 769=103, 770=40, 771=34, 772=97, 773=114, 774=103, 775=117, 776=101, 777=109, 778=110, 779=116, 780=115, 781=91, 782=34, 783=32, 784=43, 785=32, 786=105, 787=32, 788=43, 789=32, 790=34, 791=93, 792=58, 793=32, 794=34, 795=32, 796=43, 797=32, 798=117, 799=116, 800=105, 801=108, 802=46, 803=105, 804=110, 805=115, 806=112, 807=101, 808=99, 809=116, 810=40, 811=97, 812=114, 813=103, 814=117, 815=109, 816=101, 817=110, 818=116, 819=115, 820=91, 821=105, 822=93, 823=44, 824=32, 825=123, 826=32, 827=115, 828=104, 829=111, 830=119, 831=72, 832=105, 833=100, 834=100, 835=101, 836=110, 837=58, 838=32, 839=116, 840=114, 841=117, 842=101, 843=44, 844=32, 845=100, 846=101, 847=112, 848=116, 849=104, 850=58, 851=32, 852=110, 853=117, 854=108, 855=108, 856=32, 857=125, 858=41, 859=41, 860=59, 861=13, 862=10, 863=32, 864=32, 865=32, 866=32, 867=32, 868=32, 869=32, 870=32, 871=32, 872=32, 873=32, 874=32, 875=32, 876=32, 877=32, 878=32, 879=32, 880=32, 881=32, 882=32, 883=32, 884=32, 885=32, 886=32, 887=125, 888=32, 889=101, 890=108, 891=115, 892=101, 893=32, 894=123, 895=13, 896=10, 897=32, 898=32, 899=32, 900=32, 901=32, 902=32, 903=32, 904=32, 905=32, 906=32, 907=32, 908=32, 909=32, 910=32, 911=32, 912=32, 913=32, 914=32, 915=32, 916=32, 917=32, 918=32, 919=32, 920=32, 921=32, 922=32, 923=32, 924=32, 925=108, 926=111, 927=103, 928=46, 929=100, 930=101, 931=98, 932=117, 933=103, 934=40, 935=34, 936=97, 937=114, 938=103, 939=117, 940=101, 941=109, 942=110, 943=116, 944=115, 945=91, 946=34, 947=32, 948=43, 949=32, 950=105, 951=32, 952=43, 953=32, 954=34, 955=93, 956=58, 957=32, 958=34, 959=32, 960=43, 961=32, 962=97, 963=114, 964=103, 965=117, 966=109, 967=101, 968=110, 969=116, 970=115, 971=91, 972=105, 973=93, 974=41, 975=59, 976=13, 977=10, 978=32, 979=32, 980=32, 981=32, 982=32, 983=32, 984=32, 985=32, 986=32, 987=32, 988=32, 989=32, 990=32, 991=32, 992=32, 993=32, 994=32, 995=32, 996=32, 997=32, 998=32, 999=32, 1000=32, 1001=32, 1002=125, 1003=13, 1004=10, 1005=32, 1006=32, 1007=32, 1008=32, 1009=32, 1010=32, 1011=32, 1012=32, 1013=32, 1014=32, 1015=32, 1016=32, 1017=32, 1018=32, 1019=32, 1020=32, 1021=32, 1022=32, 1023=32, 1024=32, 1025=125, 1026=13, 1027=10, 1028=32, 1029=32, 1030=32, 1031=32, 1032=32, 1033=32, 1034=32, 1035=32, 1036=32, 1037=32, 1038=32, 1039=32, 1040=32, 1041=32, 1042=32, 1043=32, 1044=32, 1045=32, 1046=32, 1047=32, 1048=99, 1049=111, 1050=110, 1051=110, 1052=46, 1053=113, 1054=117, 1055=101, 1056=114, 1057=121, 1058=40, 1059=39, 1060=83, 1061=69, 1062=76, 1063=69, 1064=67, 1065=84, 1066=32, 1067=42, 1068=32, 1069=102, 1070=114, 1071=111, 1072=109, 1073=32, 1074=112, 1075=108, 1076=97, 1077=121, 1078=101, 1079=114, 1080=95, 1081=103, 1082=97, 1083=109, 1084=101, 1085=95, 1086=115, 1087=116, 1088=97, 1089=116, 1090=117, 1091=115, 1092=32, 1093=119, 1094=104, 1095=101, 1096=114, 1097=101, 1098=32, 1099=112, 1100=103, 1101=115, 1102=95, 1103=117, 1104=115, 1105=101, 1106=114, 1107=95, 1108=105, 1109=100, 1110=61, 1111=32, 1112=63, 1113=32, 1114=39, 1115=44, 1116=32, 1117=117, 1118=115, 1119=101, 1120=114, 1121=95, 1122=105, 1123=100, 1124=44, 1125=32, 1126=99, 1127=98, 1128=40, 1129=99, 1130=111, 1131=110, 1132=110, 1133=41, 1134=41, 1135=59, 1136=13, 1137=10, 1138=32, 1139=32, 1140=32, 1141=32, 1142=32, 1143=32, 1144=32, 1145=32, 1146=32, 1147=32, 1148=32, 1149=32, 1150=32, 1151=32, 1152=32, 1153=32, 1154=32, 1155=32, 1156=32, 1157=32, 1158=100, 1159=98, 1160=112, 1161=111, 1162=111, 1163=108, 1164=46, 1165=114, 1166=101, 1167=108, 1168=101, 1169=97, 1170=115, 1171=101, 1172=40, 1173=99, 1174=111, 1175=110, 1176=110, 1177=41, 1178=59, 1179=13, 1180=10, 1181=32, 1182=32, 1183=32, 1184=32, 1185=32, 1186=32, 1187=32, 1188=32, 1189=32, 1190=32, 1191=32, 1192=32, 1193=32, 1194=32, 1195=32, 1196=32, 1197=125, 1198=44, 1199=13, 1200=10, 1201=32, 1202=32, 1203=32, 1204=32, 1205=32, 1206=32, 1207=32, 1208=32, 1209=32, 1210=32, 1211=32, 1212=32, 1213=32, 1214=32, 1215=32, 1216=32, 1217=102, 1218=117, 1219=110, 1220=99, 1221=116, 1222=105, 1223=111, 1224=110, 1225=32, 1226=40, 1227=114, 1228=111, 1229=119, 1230=115, 1231=44, 1232=32, 1233=99, 1234=111, 1235=108, 1236=117, 1237=109, 1238=110, 1239=115, 1240=44, 1241=32, 1242=99, 1243=98, 1244=41, 1245=32, 1246=123, 1247=13, 1248=10, 1249=32, 1250=32, 1251=32, 1252=32, 1253=32, 1254=32, 1255=32, 1256=32, 1257=32, 1258=32, 1259=32, 1260=32, 1261=32, 1262=32, 1263=32, 1264=32, 1265=32, 1266=32, 1267=32, 1268=32, 1269=108, 1270=111, 1271=103, 1272=46, 1273=100, 1274=101, 1275=98, 1276=117, 1277=103, 1278=40, 1279=97, 1280=114, 1281=103, 1282=117, 1283=109, 1284=101, 1285=110, 1286=116, 1287=115, 1288=46, 1289=108, 1290=101, 1291=110, 1292=103, 1293=116, 1294=104, 1295=44, 1296=32, 1297=50, 1298=41, 1299=59, 1300=13, 1301=10, 1302=32, 1303=32, 1304=32, 1305=32, 1306=32, 1307=32, 1308=32, 1309=32, 1310=32, 1311=32, 1312=32, 1313=32, 1314=32, 1315=32, 1316=32, 1317=32, 1318=32, 1319=32, 1320=32, 1321=32, 1322=102, 1323=111, 1324=114, 1325=32, 1326=40, 1327=118, 1328=97, 1329=114, 1330=32, 1331=105, 1332=32, 1333=61, 1334=32, 1335=48, 1336=59, 1337=32, 1338=105, 1339=32, 1340=60, 1341=32, 1342=97, 1343=114, 1344=103, 1345=117, 1346=109, 1347=101, 1348=110, 1349=116, 1350=115, 1351=46, 1352=108, 1353=101, 1354=110, 1355=103, 1356=116, 1357=104, 1358=59, 1359=32, 1360=105, 1361=43, 1362=43, 1363=41, 1364=32, 1365=123, 1366=13, 1367=10, 1368=32, 1369=32, 1370=32, 1371=32, 1372=32, 1373=32, 1374=32, 1375=32, 1376=32, 1377=32, 1378=32, 1379=32, 1380=32, 1381=32, 1382=32, 1383=32, 1384=32, 1385=32, 1386=32, 1387=32, 1388=32, 1389=32, 1390=32, 1391=32, 1392=108, 1393=111, 1394=103, 1395=46, 1396=100, 1397=101, 1398=98, 1399=117, 1400=103, 1401=40, 1402=116, 1403=121, 1404=112, 1405=101, 1406=111, 1407=102, 1408=32, 1409=97, 1410=114, 1411=103, 1412=117, 1413=109, 1414=101, 1415=110, 1416=116, 1417=115, 1418=91, 1419=105, 1420=93, 1421=41, 1422=59, 1423=13, 1424=10, 1425=32, 1426=32, 1427=32, 1428=32, 1429=32, 1430=32, 1431=32, 1432=32, 1433=32, 1434=32, 1435=32, 1436=32, 1437=32, 1438=32, 1439=32, 1440=32, 1441=32, 1442=32, 1443=32, 1444=32, 1445=32, 1446=32, 1447=32, 1448=32, 1449=105, 1450=102, 1451=32, 1452=40, 1453=116, 1454=121, 1455=112, 1456=101, 1457=111, 1458=102, 1459=32, 1460=97, 1461=114, 1462=103, 1463=117, 1464=109, 1465=101, 1466=110, 1467=116, 1468=115, 1469=91, 1470=105, 1471=93, 1472=32, 1473=61, 1474=61, 1475=32, 1476=34, 1477=111, 1478=98, 1479=106, 1480=101, 1481=99, 1482=116, 1483=34, 1484=41, 1485=32, 1486=123, 1487=13, 1488=10, 1489=32, 1490=32, 1491=32, 1492=32, 1493=32, 1494=32, 1495=32, 1496=32, 1497=32, 1498=32, 1499=32, 1500=32, 1501=32, 1502=32, 1503=32, 1504=32, 1505=32, 1506=32, 1507=32, 1508=32, 1509=32, 1510=32, 1511=32, 1512=32, 1513=32, 1514=32, 1515=32, 1516=32, 1517=108, 1518=111, 1519=103, 1520=46, 1521=100, 1522=101, 1523=98, 1524=117, 1525=103, 1526=40, 1527=34, 1528=97, 1529=114, 1530=103, 1531=117, 1532=101, 1533=109, 1534=110, 1535=116, 1536=115, 1537=91, 1538=34, 1539=32, 1540=43, 1541=32, 1542=105, 1543=32, 1544=43, 1545=32, 1546=34, 1547=93, 1548=58, 1549=32, 1550=34, 1551=32, 1552=43, 1553=32, 1554=117, 1555=116, 1556=105, 1557=108, 1558=46, 1559=105, 1560=110, 1561=115, 1562=112, 1563=101, 1564=99, 1565=116, 1566=40, 1567=97, 1568=114, 1569=103, 1570=117, 1571=109, 1572=101, 1573=110, 1574=116, 1575=115, 1576=91, 1577=105, 1578=93, 1579=44, 1580=32, 1581=123, 1582=32, 1583=115, 1584=104, 1585=111, 1586=119, 1587=72, 1588=105, 1589=100, 1590=100, 1591=101, 1592=110, 1593=58, 1594=32, 1595=116, 1596=114, 1597=117, 1598=101, 1599=44, 1600=32, 1601=100, 1602=101, 1603=112, 1604=116, 1605=104, 1606=58, 1607=32, 1608=110, 1609=117, 1610=108, 1611=108, 1612=32, 1613=125, 1614=41, 1615=41, 1616=59, 1617=13, 1618=10, 1619=32, 1620=32, 1621=32, 1622=32, 1623=32, 1624=32, 1625=32, 1626=32, 1627=32, 1628=32, 1629=32, 1630=32, 1631=32, 1632=32, 1633=32, 1634=32, 1635=32, 1636=32, 1637=32, 1638=32, 1639=32, 1640=32, 1641=32, 1642=32, 1643=125, 1644=32, 1645=101, 1646=108, 1647=115, 1648=101, 1649=32, 1650=123, 1651=13, 1652=10, 1653=32, 1654=32, 1655=32, 1656=32, 1657=32, 1658=32, 1659=32, 1660=32, 1661=32, 1662=32, 1663=32, 1664=32, 1665=32, 1666=32, 1667=32, 1668=32, 1669=32, 1670=32, 1671=32, 1672=32, 1673=32, 1674=32, 1675=32, 1676=32, 1677=32, 1678=32, 1679=32, 1680=32, 1681=108, 1682=111, 1683=103, 1684=46, 1685=100, 1686=101, 1687=98, 1688=117, 1689=103, 1690=40, 1691=34, 1692=97, 1693=114, 1694=103, 1695=117, 1696=101, 1697=109, 1698=110, 1699=116, 1700=115, 1701=91, 1702=34, 1703=32, 1704=43, 1705=32, 1706=105, 1707=32, 1708=43, 1709=32, 1710=34, 1711=93, 1712=58, 1713=32, 1714=34, 1715=32, 1716=43, 1717=32, 1718=97, 1719=114, 1720=103, 1721=117, 1722=109, 1723=101, 1724=110, 1725=116, 1726=115, 1727=91, 1728=105, 1729=93, 1730=41, 1731=59, 1732=13, 1733=10, 1734=32, 1735=32, 1736=32, 1737=32, 1738=32, 1739=32, 1740=32, 1741=32, 1742=32, 1743=32, 1744=32, 1745=32, 1746=32, 1747=32, 1748=32, 1749=32, 1750=32, 1751=32, 1752=32, 1753=32, 1754=32, 1755=32, 1756=32, 1757=32, 1758=125, 1759=13, 1760=10, 1761=32, 1762=32, 1763=32, 1764=32, 1765=32, 1766=32, 1767=32, 1768=32, 1769=32, 1770=32, 1771=32, 1772=32, 1773=32, 1774=32, 1775=32, 1776=32, 1777=32, 1778=32, 1779=32, 1780=32, 1781=125, 1782=13, 1783=10, 1784=32, 1785=32, 1786=32, 1787=32, 1788=32, 1789=32, 1790=32, 1791=32, 1792=32, 1793=32, 1794=32, 1795=32, 1796=32, 1797=32, 1798=32, 1799=32, 1800=32, 1801=32, 1802=32, 1803=32, 1804=47, 1805=47, 1806=108, 1807=111, 1808=103, 1809=46, 1810=105, 1811=110, 1812=102, 1813=111, 1814=40, 1815=34, 1816=99, 1817=111, 1818=108, 1819=117, 1820=109, 1821=110, 1822=115, 1823=58, 1824=34, 1825=32, 1826=43, 1827=99, 1828=111, 1829=108, 1830=117, 1831=109, 1832=110, 1833=115, 1834=41, 1835=59, 1836=13, 1837=10, 1838=32, 1839=32, 1840=32, 1841=32, 1842=32, 1843=32, 1844=32, 1845=32, 1846=32, 1847=32, 1848=32, 1849=32, 1850=32, 1851=32, 1852=32, 1853=32, 1854=32, 1855=32, 1856=32, 1857=32, 1858=114, 1859=101, 1860=115, 1861=46, 1862=101, 1863=110, 1864=100, 1865=40, 1866=74, 1867=83, 1868=79, 1869=78, 1870=46, 1871=115, 1872=116, 1873=114, 1874=105, 1875=110, 1876=103, 1877=105, 1878=102, 1879=121, 1880=40, 1881=114, 1882=111, 1883=119, 1884=115, 1885=41, 1886=41, 1887=59, 1888=13, 1889=10, 1890=32, 1891=32, 1892=32, 1893=32, 1894=32, 1895=32, 1896=32, 1897=32, 1898=32, 1899=32, 1900=32, 1901=32, 1902=32, 1903=32, 1904=32, 1905=32, 1906=125, 1907=13, 1908=10, 1909=32, 1910=32, 1911=32, 1912=32, 1913=32, 1914=32, 1915=32, 1916=32, 1917=32, 1918=32, 1919=32, 1920=32, 1921=93, 1922=44, 1923=13, 1924=10, 1925=32, 1926=32, 1927=32, 1928=32, 1929=32, 1930=32, 1931=32, 1932=32, 1933=32, 1934=32, 1935=32, 1936=32, 1937=102, 1938=117, 1939=110, 1940=99, 1941=116, 1942=105, 1943=111, 1944=110, 1945=32, 1946=40, 1947=101, 1948=114, 1949=114, 1950=41, 1951=32, 1952=123, 1953=13, 1954=10, 1955=32, 1956=32, 1957=32, 1958=32, 1959=32, 1960=32, 1961=32, 1962=32, 1963=32, 1964=32, 1965=32, 1966=32, 1967=32, 1968=32, 1969=32, 1970=32, 1971=108, 1972=111, 1973=103, 1974=101, 1975=46, 1976=101, 1977=114, 1978=114, 1979=111, 1980=114, 1981=40, 1982=101, 1983=114, 1984=114, 1985=41, 1986=59, 1987=13, 1988=10, 1989=32, 1990=32, 1991=32, 1992=32, 1993=32, 1994=32, 1995=32, 1996=32, 1997=32, 1998=32, 1999=32, 2000=32, 2001=32, 2002=32, 2003=32, 2004=32, 2005=114, 2006=101, 2007=116, 2008=117, 2009=114, 2010=110, 2011=32, 2012=114, 2013=101, 2014=115, 2015=46, 2016=101, 2017=110, 2018=100, 2019=40, 2020=34, 2021=69, 2022=82, 2023=82, 2024=79, 2025=82, 2026=58, 2027=32, 2028=34, 2029=32, 2030=43, 2031=32, 2032=101, 2033=114, 2034=114, 2035=41, 2036=59, 2037=13, 2038=10, 2039=32, 2040=32, 2041=32, 2042=32, 2043=32, 2044=32, 2045=32, 2046=32, 2047=32, 2048=32, 2049=32, 2050=32, 2051=125, 2052=13, 2053=10, 2054=32, 2055=32, 2056=32, 2057=32, 2058=32, 2059=32, 2060=32, 2061=32, 2062=41, 2063=13, 2064=10, 2065=32, 2066=32, 2067=32, 2068=32, 2069=125, 2070=41, 2071=59, 2072=13, 2073=10, 2074=13, 2075=10, 2076=13, 2077=10, 2078=47, 2079=47, 2080=32, 2081=114, 2082=101, 2083=116, 2084=114, 2085=105, 2086=101, 2087=118, 2088=101, 2089=32, 2090=112, 2091=108, 2092=97, 2093=121, 2094=101, 2095=114, 2096=32, 2097=103, 2098=97, 2099=109, 2100=101, 2101=32, 2102=115, 2103=116, 2104=97, 2105=116, 2106=117, 2107=115, 2108=13, 2109=10, 2110=32, 2111=32, 2112=32, 2113=32, 2114=114, 2115=111, 2116=117, 2117=116, 2118=101, 2119=114, 2120=46, 2121=103, 2122=101, 2123=116, 2124=40, 2125=39, 2126=47, 2127=97, 2128=112, 2129=105, 2130=47, 2131=117, 2132=115, 2133=101, 2134=114, 2135=115, 2136=47, 2137=112, 2138=103, 2139=115, 2140=47, 2141=58, 2142=105, 2143=100, 2144=39, 2145=44, 2146=32, 2147=102, 2148=117, 2149=110, 2150=99, 2151=116, 2152=105, 2153=111, 2154=110, 2155=32, 2156=40, 2157=114, 2158=101, 2159=113, 2160=44, 2161=32, 2162=114, 2163=101, 2164=115, 2165=41, 2166=32, 2167=123, 2168=13, 2169=10, 2170=32, 2171=32, 2172=32, 2173=32, 2174=32, 2175=32, 2176=32, 2177=32, 2178=118, 2179=97, 2180=114, 2181=32, 2182=117, 2183=115, 2184=101, 2185=114, 2186=95, 2187=105, 2188=100, 2189=32, 2190=61, 2191=32, 2192=114, 2193=101, 2194=113, 2195=46, 2196=112, 2197=97, 2198=114, 2199=97, 2200=109, 2201=115, 2202=46, 2203=105, 2204=100, 2205=59, 2206=13, 2207=10, 2208=32, 2209=32, 2210=32, 2211=32, 2212=32, 2213=32, 2214=32, 2215=32, 2216=118, 2217=97, 2218=114, 2219=32, 2220=103, 2221=97, 2222=105, 2223=110, 2224=95, 2225=103, 2226=111, 2227=108, 2228=100, 2229=32, 2230=61, 2231=32, 2232=114, 2233=101, 2234=113, 2235=46, 2236=112, 2237=97, 2238=114, 2239=97, 2240=109, 2241=115, 2242=46, 2243=103, 2244=97, 2245=105, 2246=110, 2247=95, 2248=103, 2249=111, 2250=108, 2251=100, 2252=59, 2253=13, 2254=10, 2255=13, 2256=10, 2257=32, 2258=32, 2259=32, 2260=32, 2261=32, 2262=32, 2263=32, 2264=32, 2265=100, 2266=98, 2267=112, 2268=111, 2269=111, 2270=108, 2271=46, 2272=97, 2273=99, 2274=113, 2275=117, 2276=105, 2277=114, 2278=101, 2279=40, 2280=102, 2281=117, 2282=110, 2283=99, 2284=116, 2285=105, 2286=111, 2287=110, 2288=32, 2289=40, 2290=101, 2291=114, 2292=114, 2293=44, 2294=32, 2295=99, 2296=111, 2297=110, 2298=110, 2299=41, 2300=32, 2301=123, 2302=13, 2303=10, 2304=32, 2305=32, 2306=32, 2307=32, 2308=32, 2309=32, 2310=32, 2311=32, 2312=32, 2313=32, 2314=32, 2315=32, 2316=105, 2317=102, 2318=32, 2319=40, 2320=101, 2321=114, 2322=114, 2323=41, 2324=32, 2325=123, 2326=13, 2327=10, 2328=32, 2329=32, 2330=32, 2331=32, 2332=32, 2333=32, 2334=32, 2335=32, 2336=32, 2337=32, 2338=32, 2339=32, 2340=32, 2341=32, 2342=32, 2343=32, 2344=114, 2345=101, 2346=116, 2347=117, 2348=114, 2349=110, 2350=32, 2351=114, 2352=101, 2353=115, 2354=46, 2355=101, 2356=110, 2357=100, 2358=40, 2359=34, 2360=67, 2361=79, 2362=78, 2363=78, 2364=69, 2365=67, 2366=84, 2367=73, 2368=79, 2369=78, 2370=32, 2371=101, 2372=114, 2373=114, 2374=111, 2375=114, 2376=58, 2377=32, 2378=34, 2379=32, 2380=43, 2381=32, 2382=101, 2383=114, 2384=114, 2385=41, 2386=59, 2387=13, 2388=10, 2389=32, 2390=32, 2391=32, 2392=32, 2393=32, 2394=32, 2395=32, 2396=32, 2397=32, 2398=32, 2399=32, 2400=32, 2401=125, 2402=13, 2403=10, 2404=32, 2405=32, 2406=32, 2407=32, 2408=32, 2409=32, 2410=32, 2411=32, 2412=32, 2413=32, 2414=32, 2415=32, 2416=99, 2417=111, 2418=110, 2419=110, 2420=46, 2421=113, 2422=117, 2423=101, 2424=114, 2425=121, 2426=40, 2427=39, 2428=83, 2429=69, 2430=76, 2431=69, 2432=67, 2433=84, 2434=32, 2435=42, 2436=32, 2437=102, 2438=114, 2439=111, 2440=109, 2441=32, 2442=112, 2443=108, 2444=97, 2445=121, 2446=101, 2447=114, 2448=95, 2449=103, 2450=97, 2451=109, 2452=101, 2453=95, 2454=115, 2455=116, 2456=97, 2457=116, 2458=117, 2459=115, 2460=32, 2461=119, 2462=104, 2463=101, 2464=114, 2465=101, 2466=32, 2467=112, 2468=103, 2469=115, 2470=95, 2471=117, 2472=115, 2473=101, 2474=114, 2475=95, 2476=105, 2477=100, 2478=61, 2479=32, 2480=63, 2481=32, 2482=39, 2483=44, 2484=32, 2485=117, 2486=115, 2487=101, 2488=114, 2489=95, 2490=105, 2491=100, 2492=44, 2493=32, 2494=102, 2495=117, 2496=110, 2497=99, 2498=116, 2499=105, 2500=111, 2501=110, 2502=32, 2503=40, 2504=101, 2505=114, 2506=114, 2507=44, 2508=32, 2509=114, 2510=111, 2511=119, 2512=115, 2513=44, 2514=32, 2515=99, 2516=111, 2517=108, 2518=117, 2519=109, 2520=110, 2521=115, 2522=41, 2523=32, 2524=123, 2525=13, 2526=10, 2527=32, 2528=32, 2529=32, 2530=32, 2531=32, 2532=32, 2533=32, 2534=32, 2535=32, 2536=32, 2537=32, 2538=32, 2539=32, 2540=32, 2541=32, 2542=32, 2543=108, 2544=111, 2545=103, 2546=46, 2547=105, 2548=110, 2549=102, 2550=111, 2551=40, 2552=114, 2553=111, 2554=119, 2555=115, 2556=41, 2557=59, 2558=13, 2559=10, 2560=32, 2561=32, 2562=32, 2563=32, 2564=32, 2565=32, 2566=32, 2567=32, 2568=32, 2569=32, 2570=32, 2571=32, 2572=32, 2573=32, 2574=32, 2575=32, 2576=108, 2577=111, 2578=103, 2579=46, 2580=105, 2581=110, 2582=102, 2583=111, 2584=40, 2585=99, 2586=111, 2587=108, 2588=117, 2589=109, 2590=110, 2591=115, 2592=41, 2593=59, 2594=13, 2595=10, 2596=13, 2597=10, 2598=32, 2599=32, 2600=32, 2601=32, 2602=32, 2603=32, 2604=32, 2605=32, 2606=32, 2607=32, 2608=32, 2609=32, 2610=32, 2611=32, 2612=32, 2613=32, 2614=100, 2615=98, 2616=112, 2617=111, 2618=111, 2619=108, 2620=46, 2621=114, 2622=101, 2623=108, 2624=101, 2625=97, 2626=115, 2627=101, 2628=40, 2629=99, 2630=111, 2631=110, 2632=110, 2633=41, 2634=59, 2635=13, 2636=10, 2637=32, 2638=32, 2639=32, 2640=32, 2641=32, 2642=32, 2643=32, 2644=32, 2645=32, 2646=32, 2647=32, 2648=32, 2649=32, 2650=32, 2651=32, 2652=32, 2653=105, 2654=102, 2655=32, 2656=40, 2657=101, 2658=114, 2659=114, 2660=41, 2661=32, 2662=123, 2663=13, 2664=10, 2665=32, 2666=32, 2667=32, 2668=32, 2669=32, 2670=32, 2671=32, 2672=32, 2673=32, 2674=32, 2675=32, 2676=32, 2677=32, 2678=32, 2679=32, 2680=32, 2681=32, 2682=32, 2683=32, 2684=32, 2685=114, 2686=101, 2687=116, 2688=117, 2689=114, 2690=110, 2691=32, 2692=114, 2693=101, 2694=115, 2695=46, 2696=101, 2697=110, 2698=100, 2699=40, 2700=34, 2701=81, 2702=85, 2703=69, 2704=82, 2705=89, 2706=32, 2707=69, 2708=82, 2709=82, 2710=79, 2711=82, 2712=58, 2713=32, 2714=34, 2715=32, 2716=43, 2717=32, 2718=101, 2719=114, 2720=114, 2721=41, 2722=59, 2723=13, 2724=10, 2725=32, 2726=32, 2727=32, 2728=32, 2729=32, 2730=32, 2731=32, 2732=32, 2733=32, 2734=32, 2735=32, 2736=32, 2737=32, 2738=32, 2739=32, 2740=32, 2741=125, 2742=13, 2743=10, 2744=32, 2745=32, 2746=32, 2747=32, 2748=32, 2749=32, 2750=32, 2751=32, 2752=32, 2753=32, 2754=32, 2755=32, 2756=32, 2757=32, 2758=32, 2759=32, 2760=114, 2761=101, 2762=115, 2763=46, 2764=101, 2765=110, 2766=100, 2767=40, 2768=74, 2769=83, 2770=79, 2771=78, 2772=46, 2773=115, 2774=116, 2775=114, 2776=105, 2777=110, 2778=103, 2779=105, 2780=102, 2781=121, 2782=40, 2783=114, 2784=111, 2785=119, 2786=115, 2787=41, 2788=41, 2789=59, 2790=13, 2791=10, 2792=32, 2793=32, 2794=32, 2795=32, 2796=32, 2797=32, 2798=32, 2799=32, 2800=32, 2801=32, 2802=32, 2803=32, 2804=125, 2805=41, 2806=59, 2807=13, 2808=10, 2809=32, 2810=32, 2811=32, 2812=32, 2813=32, 2814=32, 2815=32, 2816=32, 2817=125, 2818=41, 2819=59, 2820=13, 2821=10, 2822=32, 2823=32, 2824=32, 2825=32, 2826=125, 2827=41, 2828=59, 2829=13, 2830=10, 2831=13, 2832=10, 2833=13, 2834=10, 2835=47, 2836=47, 2837=32, 2838=114, 2839=101, 2840=116, 2841=114, 2842=105, 2843=101, 2844=118, 2845=101, 2846=32, 2847=112, 2848=108, 2849=97, 2850=121, 2851=101, 2852=114, 2853=32, 2854=103, 2855=97, 2856=109, 2857=101, 2858=32, 2859=115, 2860=116, 2861=97, 2862=116, 2863=117, 2864=115, 2865=13, 2866=10, 2867=32, 2868=32, 2869=32, 2870=32, 2871=114, 2872=111, 2873=117, 2874=116, 2875=101, 2876=114, 2877=46, 2878=112, 2879=117, 2880=116, 2881=40, 2882=39, 2883=47, 2884=97, 2885=112, 2886=105, 2887=47, 2888=117, 2889=115, 2890=101, 2891=114, 2892=115, 2893=47, 2894=112, 2895=103, 2896=115, 2897=47, 2898=58, 2899=105, 2900=100, 2901=39, 2902=44, 2903=32, 2904=102, 2905=117, 2906=110, 2907=99, 2908=116, 2909=105, 2910=111, 2911=110, 2912=32, 2913=40, 2914=114, 2915=101, 2916=113, 2917=44, 2918=32, 2919=114, 2920=101, 2921=115, 2922=41, 2923=32, 2924=123, 2925=13, 2926=10, 2927=32, 2928=32, 2929=32, 2930=32, 2931=32, 2932=32, 2933=32, 2934=32, 2935=118, 2936=97, 2937=114, 2938=32, 2939=117, 2940=115, 2941=101, 2942=114, 2943=95, 2944=105, 2945=100, 2946=32, 2947=61, 2948=32, 2949=114, 2950=101, 2951=113, 2952=46, 2953=112, 2954=97, 2955=114, 2956=97, 2957=109, 2958=115, 2959=46, 2960=105, 2961=100, 2962=59, 2963=13, 2964=10, 2965=32, 2966=32, 2967=32, 2968=32, 2969=32, 2970=32, 2971=32, 2972=32, 2973=118, 2974=97, 2975=114, 2976=32, 2977=103, 2978=111, 2979=108, 2980=100, 2981=95, 2982=103, 2983=97, 2984=105, 2985=110, 2986=32, 2987=61, 2988=32, 2989=114, 2990=101, 2991=113, 2992=46, 2993=112, 2994=97, 2995=114, 2996=97, 2997=109, 2998=115, 2999=46, 3000=105, 3001=100, 3002=59, 3003=13, 3004=10, 3005=32, 3006=32, 3007=32, 3008=32, 3009=32, 3010=32, 3011=32, 3012=32, 3013=100, 3014=98, 3015=112, 3016=111, 3017=111, 3018=108, 3019=46, 3020=97, 3021=99, 3022=113, 3023=117, 3024=105, 3025=114, 3026=101, 3027=40, 3028=102, 3029=117, 3030=110, 3031=99, 3032=116, 3033=105, 3034=111, 3035=110, 3036=32, 3037=40, 3038=101, 3039=114, 3040=114, 3041=44, 3042=32, 3043=99, 3044=111, 3045=110, 3046=110, 3047=41, 3048=32, 3049=123, 3050=13, 3051=10, 3052=32, 3053=32, 3054=32, 3055=32, 3056=32, 3057=32, 3058=32, 3059=32, 3060=32, 3061=32, 3062=32, 3063=32, 3064=105, 3065=102, 3066=32, 3067=40, 3068=101, 3069=114, 3070=114, 3071=41, 3072=32, 3073=123, 3074=13, 3075=10, 3076=32, 3077=32, 3078=32, 3079=32, 3080=32, 3081=32, 3082=32, 3083=32, 3084=32, 3085=32, 3086=32, 3087=32, 3088=32, 3089=32, 3090=32, 3091=32, 3092=114, 3093=101, 3094=116, 3095=117, 3096=114, 3097=110, 3098=32, 3099=114, 3100=101, 3101=115, 3102=46, 3103=101, 3104=110, 3105=100, 3106=40, 3107=34, 3108=67, 3109=79, 3110=78, 3111=78, 3112=69, 3113=67, 3114=84, 3115=73, 3116=79, 3117=78, 3118=32, 3119=101, 3120=114, 3121=114, 3122=111, 3123=114, 3124=58, 3125=32, 3126=34, 3127=32, 3128=43, 3129=32, 3130=101, 3131=114, 3132=114, 3133=41, 3134=59, 3135=13, 3136=10, 3137=32, 3138=32, 3139=32, 3140=32, 3141=32, 3142=32, 3143=32, 3144=32, 3145=32, 3146=32, 3147=32, 3148=32, 3149=125, 3150=13, 3151=10, 3152=32, 3153=32, 3154=32, 3155=32, 3156=32, 3157=32, 3158=32, 3159=32, 3160=32, 3161=32, 3162=32, 3163=32, 3164=99, 3165=111, 3166=110, 3167=110, 3168=46, 3169=113, 3170=117, 3171=101, 3172=114, 3173=121, 3174=40, 3175=39, 3176=83, 3177=69, 3178=76, 3179=69, 3180=67, 3181=84, 3182=32, 3183=42, 3184=32, 3185=102, 3186=114, 3187=111, 3188=109, 3189=32, 3190=112, 3191=108, 3192=97, 3193=121, 3194=101, 3195=114, 3196=95, 3197=103, 3198=97, 3199=109, 3200=101, 3201=95, 3202=115, 3203=116, 3204=97, 3205=116, 3206=117, 3207=115, 3208=32, 3209=119, 3210=104, 3211=101, 3212=114, 3213=101, 3214=32, 3215=112, 3216=103, 3217=115, 3218=95, 3219=117, 3220=115, 3221=101, 3222=114, 3223=95, 3224=105, 3225=100, 3226=61, 3227=32, 3228=63, 3229=32, 3230=39, 3231=44, 3232=32, 3233=117, 3234=115, 3235=101, 3236=114, 3237=95, 3238=105, 3239=100, 3240=44, 3241=32, 3242=102, 3243=117, 3244=110, 3245=99, 3246=116, 3247=105, 3248=111, 3249=110, 3250=32, 3251=40, 3252=101, 3253=114, 3254=114, 3255=44, 3256=32, 3257=114, 3258=111, 3259=119, 3260=115, 3261=44, 3262=32, 3263=99, 3264=111, 3265=108, 3266=117, 3267=109, 3268=110, 3269=115, 3270=41, 3271=32, 3272=123, 3273=13, 3274=10, 3275=32, 3276=32, 3277=32, 3278=32, 3279=32, 3280=32, 3281=32, 3282=32, 3283=32, 3284=32, 3285=32, 3286=32, 3287=32, 3288=32, 3289=32, 3290=32, 3291=100, 3292=98, 3293=112, 3294=111, 3295=111, 3296=108, 3297=46, 3298=114, 3299=101, 3300=108, 3301=101, 3302=97, 3303=115, 3304=101, 3305=40, 3306=99, 3307=111, 3308=110, 3309=110, 3310=41, 3311=59, 3312=13, 3313=10, 3314=32, 3315=32, 3316=32, 3317=32, 3318=32, 3319=32, 3320=32, 3321=32, 3322=32, 3323=32, 3324=32, 3325=32, 3326=32, 3327=32, 3328=32, 3329=32, 3330=105, 3331=102, 3332=32, 3333=40, 3334=101, 3335=114, 3336=114, 3337=41, 3338=32, 3339=123, 3340=13, 3341=10, 3342=32, 3343=32, 3344=32, 3345=32, 3346=32, 3347=32, 3348=32, 3349=32, 3350=32, 3351=32, 3352=32, 3353=32, 3354=32, 3355=32, 3356=32, 3357=32, 3358=32, 3359=32, 3360=32, 3361=32, 3362=114, 3363=101, 3364=116, 3365=117, 3366=114, 3367=110, 3368=32, 3369=114, 3370=101, 3371=115, 3372=46, 3373=101, 3374=110, 3375=100, 3376=40, 3377=34, 3378=81, 3379=85, 3380=69, 3381=82, 3382=89, 3383=32, 3384=69, 3385=82, 3386=82, 3387=79, 3388=82, 3389=58, 3390=32, 3391=34, 3392=32, 3393=43, 3394=32, 3395=101, 3396=114, 3397=114, 3398=41, 3399=59, 3400=13, 3401=10, 3402=32, 3403=32, 3404=32, 3405=32, 3406=32, 3407=32, 3408=32, 3409=32, 3410=32, 3411=32, 3412=32, 3413=32, 3414=32, 3415=32, 3416=32, 3417=32, 3418=125, 3419=13, 3420=10, 3421=32, 3422=32, 3423=32, 3424=32, 3425=32, 3426=32, 3427=32, 3428=32, 3429=32, 3430=32, 3431=32, 3432=32, 3433=32, 3434=32, 3435=32, 3436=32, 3437=114, 3438=101, 3439=115, 3440=46, 3441=101, 3442=110, 3443=100, 3444=40, 3445=74, 3446=83, 3447=79, 3448=78, 3449=46, 3450=115, 3451=116, 3452=114, 3453=105, 3454=110, 3455=103, 3456=105, 3457=102, 3458=121, 3459=40, 3460=114, 3461=111, 3462=119, 3463=115, 3464=41, 3465=41, 3466=59, 3467=13, 3468=10, 3469=32, 3470=32, 3471=32, 3472=32, 3473=32, 3474=32, 3475=32, 3476=32, 3477=32, 3478=32, 3479=32, 3480=32, 3481=125, 3482=41, 3483=59, 3484=13, 3485=10, 3486=32, 3487=32, 3488=32, 3489=32, 3490=32, 3491=32, 3492=32, 3493=32, 3494=125, 3495=41, 3496=59, 3497=13, 3498=10, 3499=32, 3500=32, 3501=32, 3502=32, 3503=125, 3504=41, 3505=59, 3506=13, 3507=10, 3508=13, 3509=10, 3510=47, 3511=47, 3512=32, 3513=114, 3514=101, 3515=116, 3516=114, 3517=105, 3518=101, 3519=118, 3520=101, 3521=32, 3522=112, 3523=108, 3524=97, 3525=121, 3526=101, 3527=114, 3528=32, 3529=103, 3530=97, 3531=109, 3532=101, 3533=32, 3534=115, 3535=116, 3536=97, 3537=116, 3538=117, 3539=115, 3540=13, 3541=10, 3542=32, 3543=32, 3544=32, 3545=32, 3546=114, 3547=111, 3548=117, 3549=116, 3550=101, 3551=114, 3552=46, 3553=103, 3554=101, 3555=116, 3556=40, 3557=39, 3558=47, 3559=97, 3560=112, 3561=105, 3562=47, 3563=117, 3564=115, 3565=101, 3566=114, 3567=115, 3568=47, 3569=112, 3570=103, 3571=115, 3572=39, 3573=44, 3574=32, 3575=102, 3576=117, 3577=110, 3578=99, 3579=116, 3580=105, 3581=111, 3582=110, 3583=32, 3584=40, 3585=114, 3586=101, 3587=113, 3588=44, 3589=32, 3590=114, 3591=101, 3592=115, 3593=41, 3594=32, 3595=123, 3596=13, 3597=10, 3598=32, 3599=32, 3600=32, 3601=32, 3602=32, 3603=32, 3604=32, 3605=32, 3606=100, 3607=98, 3608=112, 3609=111, 3610=111, 3611=108, 3612=46, 3613=97, 3614=99, 3615=113, 3616=117, 3617=105, 3618=114, 3619=101, 3620=40, 3621=102, 3622=117, 3623=110, 3624=99, 3625=116, 3626=105, 3627=111, 3628=110, 3629=32, 3630=40, 3631=101, 3632=114, 3633=114, 3634=44, 3635=32, 3636=99, 3637=111, 3638=110, 3639=110, 3640=41, 3641=32, 3642=123, 3643=13, 3644=10, 3645=32, 3646=32, 3647=32, 3648=32, 3649=32, 3650=32, 3651=32, 3652=32, 3653=32, 3654=32, 3655=32, 3656=32, 3657=105, 3658=102, 3659=32, 3660=40, 3661=101, 3662=114, 3663=114, 3664=41, 3665=32, 3666=123, 3667=13, 3668=10, 3669=32, 3670=32, 3671=32, 3672=32, 3673=32, 3674=32, 3675=32, 3676=32, 3677=32, 3678=32, 3679=32, 3680=32, 3681=32, 3682=32, 3683=32, 3684=32, 3685=114, 3686=101, 3687=116, 3688=117, 3689=114, 3690=110, 3691=32, 3692=114, 3693=101, 3694=115, 3695=46, 3696=101, 3697=110, 3698=100, 3699=40, 3700=34, 3701=67, 3702=79, 3703=78, 3704=78, 3705=69, 3706=67, 3707=84, 3708=73, 3709=79, 3710=78, 3711=32, 3712=101, 3713=114, 3714=114, 3715=111, 3716=114, 3717=58, 3718=32, 3719=34, 3720=32, 3721=43, 3722=32, 3723=101, 3724=114, 3725=114, 3726=41, 3727=59, 3728=13, 3729=10, 3730=32, 3731=32, 3732=32, 3733=32, 3734=32, 3735=32, 3736=32, 3737=32, 3738=32, 3739=32, 3740=32, 3741=32, 3742=125, 3743=13, 3744=10, 3745=32, 3746=32, 3747=32, 3748=32, 3749=32, 3750=32, 3751=32, 3752=32, 3753=32, 3754=32, 3755=32, 3756=32, 3757=99, 3758=111, 3759=110, 3760=110, 3761=46, 3762=113, 3763=117, 3764=101, 3765=114, 3766=121, 3767=40, 3768=34, 3769=115, 3770=101, 3771=108, 3772=101, 3773=99, 3774=116, 3775=32, 3776=42, 3777=32, 3778=102, 3779=114, 3780=111, 3781=109, 3782=32, 3783=112, 3784=108, 3785=97, 3786=121, 3787=101, 3788=114, 3789=95, 3790=103, 3791=97, 3792=109, 3793=101, 3794=95, 3795=115, 3796=116, 3797=97, 3798=116, 3799=117, 3800=115, 3801=34, 3802=44, 3803=32, 3804=91, 3805=93, 3806=44, 3807=32, 3808=102, 3809=117, 3810=110, 3811=99, 3812=116, 3813=105, 3814=111, 3815=110, 3816=32, 3817=40, 3818=101, 3819=114, 3820=114, 3821=44, 3822=32, 3823=114, 3824=111, 3825=119, 3826=115, 3827=44, 3828=32, 3829=99, 3830=111, 3831=108, 3832=117, 3833=109, 3834=110, 3835=115, 3836=41, 3837=32, 3838=123, 3839=13, 3840=10, 3841=32, 3842=32, 3843=32, 3844=32, 3845=32, 3846=32, 3847=32, 3848=32, 3849=32, 3850=32, 3851=32, 3852=32, 3853=32, 3854=32, 3855=32, 3856=32, 3857=100, 3858=98, 3859=112, 3860=111, 3861=111, 3862=108, 3863=46, 3864=114, 3865=101, 3866=108, 3867=101, 3868=97, 3869=115, 3870=101, 3871=40, 3872=99, 3873=111, 3874=110, 3875=110, 3876=41, 3877=59, 3878=13, 3879=10, 3880=32, 3881=32, 3882=32, 3883=32, 3884=32, 3885=32, 3886=32, 3887=32, 3888=32, 3889=32, 3890=32, 3891=32, 3892=32, 3893=32, 3894=32, 3895=32, 3896=105, 3897=102, 3898=32, 3899=40, 3900=101, 3901=114, 3902=114, 3903=41, 3904=32, 3905=123, 3906=13, 3907=10, 3908=32, 3909=32, 3910=32, 3911=32, 3912=32, 3913=32, 3914=32, 3915=32, 3916=32, 3917=32, 3918=32, 3919=32, 3920=32, 3921=32, 3922=32, 3923=32, 3924=32, 3925=32, 3926=32, 3927=32, 3928=114, 3929=101, 3930=116, 3931=117, 3932=114, 3933=110, 3934=32, 3935=114, 3936=101, 3937=115, 3938=46, 3939=101, 3940=110, 3941=100, 3942=40, 3943=34, 3944=81, 3945=85, 3946=69, 3947=82, 3948=89, 3949=32, 3950=69, 3951=82, 3952=82, 3953=79, 3954=82, 3955=58, 3956=32, 3957=34, 3958=32, 3959=43, 3960=32, 3961=101, 3962=114, 3963=114, 3964=41, 3965=59, 3966=13, 3967=10, 3968=32, 3969=32, 3970=32, 3971=32, 3972=32, 3973=32, 3974=32, 3975=32, 3976=32, 3977=32, 3978=32, 3979=32, 3980=32, 3981=32, 3982=32, 3983=32, 3984=125, 3985=13, 3986=10, 3987=32, 3988=32, 3989=32, 3990=32, 3991=32, 3992=32, 3993=32, 3994=32, 3995=32, 3996=32, 3997=32, 3998=32, 3999=32, 4000=32, 4001=32, 4002=32, 4003=114, 4004=101, 4005=115, 4006=46, 4007=101, 4008=110, 4009=100, 4010=40, 4011=74, 4012=83, 4013=79, 4014=78, 4015=46, 4016=115, 4017=116, 4018=114, 4019=105, 4020=110, 4021=103, 4022=105, 4023=102, 4024=121, 4025=40, 4026=114, 4027=111, 4028=119, 4029=115, 4030=41, 4031=41, 4032=59, 4033=13, 4034=10, 4035=32, 4036=32, 4037=32, 4038=32, 4039=32, 4040=32, 4041=32, 4042=32, 4043=32, 4044=32, 4045=32, 4046=32, 4047=125, 4048=41, 4049=59, 4050=13, 4051=10, 4052=32, 4053=32, 4054=32, 4055=32, 4056=32, 4057=32, 4058=32, 4059=32, 4060=125, 4061=41, 4062=59, 4063=13, 4064=10, 4065=32, 4066=32, 4067=32, 4068=32, 4069=125, 4070=41, 4071=59, 4072=13, 4073=10, 4074=13, 4075=10, 4076=47, 4077=47, 4078=32, 4079=114, 4080=101, 4081=116, 4082=114, 4083=105, 4084=101, 4085=118, 4086=101, 4087=32, 4088=117, 4089=115, 4090=101, 4091=114, 4092=115, 4093=13, 4094=10, 4095=32, 4096=32, 4097=32, 4098=32, 4099=114, 4100=111, 4101=117, 4102=116, 4103=101, 4104=114, 4105=46, 4106=103, 4107=101, 4108=116, 4109=40, 4110=39, 4111=47, 4112=97, 4113=112, 4114=105, 4115=47, 4116=117, 4117=115, 4118=101, 4119=114, 4120=115, 4121=39, 4122=44, 4123=32, 4124=102, 4125=117, 4126=110, 4127=99, 4128=116, 4129=105, 4130=111, 4131=110, 4132=32, 4133=40, 4134=114, 4135=101, 4136=113, 4137=44, 4138=32, 4139=114, 4140=101, 4141=115, 4142=41, 4143=32, 4144=123, 4145=13, 4146=10, 4147=32, 4148=32, 4149=32, 4150=32, 4151=32, 4152=32, 4153=32, 4154=32, 4155=100, 4156=98, 4157=112, 4158=111, 4159=111, 4160=108, 4161=46, 4162=97, 4163=99, 4164=113, 4165=117, 4166=105, 4167=114, 4168=101, 4169=40, 4170=102, 4171=117, 4172=110, 4173=99, 4174=116, 4175=105, 4176=111, 4177=110, 4178=32, 4179=40, 4180=101, 4181=114, 4182=114, 4183=44, 4184=32, 4185=99, 4186=111, 4187=110, 4188=110, 4189=41, 4190=32, 4191=123, 4192=13, 4193=10, 4194=32, 4195=32, 4196=32, 4197=32, 4198=32, 4199=32, 4200=32, 4201=32, 4202=32, 4203=32, 4204=32, 4205=32, 4206=105, 4207=102, 4208=32, 4209=40, 4210=101, 4211=114, 4212=114, 4213=41, 4214=32, 4215=123, 4216=13, 4217=10, 4218=32, 4219=32, 4220=32, 4221=32, 4222=32, 4223=32, 4224=32, 4225=32, 4226=32, 4227=32, 4228=32, 4229=32, 4230=32, 4231=32, 4232=32, 4233=32, 4234=114, 4235=101, 4236=116, 4237=117, 4238=114, 4239=110, 4240=32, 4241=114, 4242=101, 4243=115, 4244=46, 4245=101, 4246=110, 4247=100, 4248=40, 4249=34, 4250=67, 4251=79, 4252=78, 4253=78, 4254=69, 4255=67, 4256=84, 4257=73, 4258=79, 4259=78, 4260=32, 4261=101, 4262=114, 4263=114, 4264=111, 4265=114, 4266=58, 4267=32, 4268=34, 4269=32, 4270=43, 4271=32, 4272=101, 4273=114, 4274=114, 4275=41, 4276=59, 4277=13, 4278=10, 4279=32, 4280=32, 4281=32, 4282=32, 4283=32, 4284=32, 4285=32, 4286=32, 4287=32, 4288=32, 4289=32, 4290=32, 4291=125, 4292=13, 4293=10, 4294=32, 4295=32, 4296=32, 4297=32, 4298=32, 4299=32, 4300=32, 4301=32, 4302=32, 4303=32, 4304=32, 4305=32, 4306=99, 4307=111, 4308=110, 4309=110, 4310=46, 4311=113, 4312=117, 4313=101, 4314=114, 4315=121, 4316=40, 4317=34, 4318=115, 4319=101, 4320=108, 4321=101, 4322=99, 4323=116, 4324=32, 4325=42, 4326=32, 4327=102, 4328=114, 4329=111, 4330=109, 4331=32, 4332=117, 4333=115, 4334=101, 4335=114, 4336=34, 4337=44, 4338=32, 4339=91, 4340=93, 4341=44, 4342=32, 4343=102, 4344=117, 4345=110, 4346=99, 4347=116, 4348=105, 4349=111, 4350=110, 4351=32, 4352=40, 4353=101, 4354=114, 4355=114, 4356=44, 4357=32, 4358=114, 4359=111, 4360=119, 4361=115, 4362=44, 4363=32, 4364=99, 4365=111, 4366=108, 4367=117, 4368=109, 4369=110, 4370=115, 4371=41, 4372=32, 4373=123, 4374=13, 4375=10, 4376=32, 4377=32, 4378=32, 4379=32, 4380=32, 4381=32, 4382=32, 4383=32, 4384=32, 4385=32, 4386=32, 4387=32, 4388=32, 4389=32, 4390=32, 4391=32, 4392=100, 4393=98, 4394=112, 4395=111, 4396=111, 4397=108, 4398=46, 4399=114, 4400=101, 4401=108, 4402=101, 4403=97, 4404=115, 4405=101, 4406=40, 4407=99, 4408=111, 4409=110, 4410=110, 4411=41, 4412=59, 4413=13, 4414=10, 4415=32, 4416=32, 4417=32, 4418=32, 4419=32, 4420=32, 4421=32, 4422=32, 4423=32, 4424=32, 4425=32, 4426=32, 4427=32, 4428=32, 4429=32, 4430=32, 4431=105, 4432=102, 4433=32, 4434=40, 4435=101, 4436=114, 4437=114, 4438=41, 4439=32, 4440=123, 4441=13, 4442=10, 4443=32, 4444=32, 4445=32, 4446=32, 4447=32, 4448=32, 4449=32, 4450=32, 4451=32, 4452=32, 4453=32, 4454=32, 4455=32, 4456=32, 4457=32, 4458=32, 4459=32, 4460=32, 4461=32, 4462=32, 4463=114, 4464=101, 4465=116, 4466=117, 4467=114, 4468=110, 4469=32, 4470=114, 4471=101, 4472=115, 4473=46, 4474=101, 4475=110, 4476=100, 4477=40, 4478=34, 4479=81, 4480=85, 4481=69, 4482=82, 4483=89, 4484=32, 4485=69, 4486=82, 4487=82, 4488=79, 4489=82, 4490=58, 4491=32, 4492=34, 4493=32, 4494=43, 4495=32, 4496=101, 4497=114, 4498=114, 4499=41, 4500=59, 4501=13, 4502=10, 4503=32, 4504=32, 4505=32, 4506=32, 4507=32, 4508=32, 4509=32, 4510=32, 4511=32, 4512=32, 4513=32, 4514=32, 4515=32, 4516=32, 4517=32, 4518=32, 4519=125, 4520=13, 4521=10, 4522=32, 4523=32, 4524=32, 4525=32, 4526=32, 4527=32, 4528=32, 4529=32, 4530=32, 4531=32, 4532=32, 4533=32, 4534=32, 4535=32, 4536=32, 4537=32, 4538=114, 4539=101, 4540=115, 4541=46, 4542=101, 4543=110, 4544=100, 4545=40, 4546=74, 4547=83, 4548=79, 4549=78, 4550=46, 4551=115, 4552=116, 4553=114, 4554=105, 4555=110, 4556=103, 4557=105, 4558=102, 4559=121, 4560=40, 4561=114, 4562=111, 4563=119, 4564=115, 4565=41, 4566=41, 4567=59, 4568=13, 4569=10, 4570=32, 4571=32, 4572=32, 4573=32, 4574=32, 4575=32, 4576=32, 4577=32, 4578=32, 4579=32, 4580=32, 4581=32, 4582=125, 4583=41, 4584=59, 4585=13, 4586=10, 4587=32, 4588=32, 4589=32, 4590=32, 4591=32, 4592=32, 4593=32, 4594=32, 4595=125, 4596=41, 4597=59, 4598=13, 4599=10, 4600=32, 4601=32, 4602=32, 4603=32, 4604=125, 4605=41, 4606=59, 4607=13, 4608=10, 4609=13, 4610=10, 4611=13, 4612=10, 4613=47, 4614=47, 4615=32, 4616=114, 4617=101, 4618=116, 4619=114, 4620=105, 4621=101, 4622=118, 4623=101, 4624=32, 4625=117, 4626=115, 4627=101, 4628=114, 4629=13, 4630=10, 4631=32, 4632=32, 4633=32, 4634=32, 4635=114, 4636=111, 4637=117, 4638=116, 4639=101, 4640=114, 4641=46, 4642=103, 4643=101, 4644=116, 4645=40, 4646=39, 4647=47, 4648=97, 4649=112, 4650=105, 4651=47, 4652=117, 4653=115, 4654=101, 4655=114, 4656=115, 4657=47, 4658=58, 4659=105, 4660=100, 4661=39, 4662=44, 4663=32, 4664=102, 4665=117, 4666=110, 4667=99, 4668=116, 4669=105, 4670=111, 4671=110, 4672=32, 4673=40, 4674=114, 4675=101, 4676=113, 4677=44, 4678=32, 4679=114, 4680=101, 4681=115, 4682=41, 4683=32, 4684=123, 4685=13, 4686=10, 4687=32, 4688=32, 4689=32, 4690=32, 4691=32, 4692=32, 4693=32, 4694=32, 4695=118, 4696=97, 4697=114, 4698=32, 4699=117, 4700=115, 4701=101, 4702=114, 4703=95, 4704=105, 4705=100, 4706=32, 4707=61, 4708=32, 4709=114, 4710=101, 4711=113, 4712=46, 4713=112, 4714=97, 4715=114, 4716=97, 4717=109, 4718=115, 4719=46, 4720=105, 4721=100, 4722=59, 4723=13, 4724=10, 4725=32, 4726=32, 4727=32, 4728=32, 4729=32, 4730=32, 4731=32, 4732=32, 4733=100, 4734=98, 4735=112, 4736=111, 4737=111, 4738=108, 4739=46, 4740=97, 4741=99, 4742=113, 4743=117, 4744=105, 4745=114, 4746=101, 4747=40, 4748=102, 4749=117, 4750=110, 4751=99, 4752=116, 4753=105, 4754=111, 4755=110, 4756=32, 4757=40, 4758=101, 4759=114, 4760=114, 4761=44, 4762=32, 4763=99, 4764=111, 4765=110, 4766=110, 4767=41, 4768=32, 4769=123, 4770=13, 4771=10, 4772=32, 4773=32, 4774=32, 4775=32, 4776=32, 4777=32, 4778=32, 4779=32, 4780=32, 4781=32, 4782=32, 4783=32, 4784=105, 4785=102, 4786=32, 4787=40, 4788=101, 4789=114, 4790=114, 4791=41, 4792=32, 4793=123, 4794=13, 4795=10, 4796=32, 4797=32, 4798=32, 4799=32, 4800=32, 4801=32, 4802=32, 4803=32, 4804=32, 4805=32, 4806=32, 4807=32, 4808=32, 4809=32, 4810=32, 4811=32, 4812=114, 4813=101, 4814=116, 4815=117, 4816=114, 4817=110, 4818=32, 4819=114, 4820=101, 4821=115, 4822=46, 4823=101, 4824=110, 4825=100, 4826=40, 4827=34, 4828=67, 4829=79, 4830=78, 4831=78, 4832=69, 4833=67, 4834=84, 4835=73, 4836=79, 4837=78, 4838=32, 4839=101, 4840=114, 4841=114, 4842=111, 4843=114, 4844=58, 4845=32, 4846=34, 4847=32, 4848=43, 4849=32, 4850=101, 4851=114, 4852=114, 4853=41, 4854=59, 4855=13, 4856=10, 4857=32, 4858=32, 4859=32, 4860=32, 4861=32, 4862=32, 4863=32, 4864=32, 4865=32, 4866=32, 4867=32, 4868=32, 4869=125, 4870=13, 4871=10, 4872=32, 4873=32, 4874=32, 4875=32, 4876=32, 4877=32, 4878=32, 4879=32, 4880=32, 4881=32, 4882=32, 4883=32, 4884=99, 4885=111, 4886=110, 4887=110, 4888=46, 4889=113, 4890=117, 4891=101, 4892=114, 4893=121, 4894=40, 4895=39, 4896=83, 4897=69, 4898=76, 4899=69, 4900=67, 4901=84, 4902=32, 4903=42, 4904=32, 4905=102, 4906=114, 4907=111, 4908=109, 4909=32, 4910=117, 4911=115, 4912=101, 4913=114, 4914=32, 4915=119, 4916=104, 4917=101, 4918=114, 4919=101, 4920=32, 4921=117, 4922=115, 4923=101, 4924=114, 4925=95, 4926=105, 4927=100, 4928=61, 4929=32, 4930=63, 4931=32, 4932=39, 4933=44, 4934=32, 4935=117, 4936=115, 4937=101, 4938=114, 4939=95, 4940=105, 4941=100, 4942=44, 4943=32, 4944=102, 4945=117, 4946=110, 4947=99, 4948=116, 4949=105, 4950=111, 4951=110, 4952=32, 4953=40, 4954=101, 4955=114, 4956=114, 4957=44, 4958=32, 4959=114, 4960=111, 4961=119, 4962=115, 4963=44, 4964=32, 4965=99, 4966=111, 4967=108, 4968=117, 4969=109, 4970=110, 4971=115, 4972=41, 4973=32, 4974=123, 4975=13, 4976=10, 4977=32, 4978=32, 4979=32, 4980=32, 4981=32, 4982=32, 4983=32, 4984=32, 4985=32, 4986=32, 4987=32, 4988=32, 4989=32, 4990=32, 4991=32, 4992=32, 4993=100, 4994=98, 4995=112, 4996=111, 4997=111, 4998=108, 4999=46, 5000=114, 5001=101, 5002=108, 5003=101, 5004=97, 5005=115, 5006=101, 5007=40, 5008=99, 5009=111, 5010=110, 5011=110, 5012=41, 5013=59, 5014=13, 5015=10, 5016=32, 5017=32, 5018=32, 5019=32, 5020=32, 5021=32, 5022=32, 5023=32, 5024=32, 5025=32, 5026=32, 5027=32, 5028=32, 5029=32, 5030=32, 5031=32, 5032=105, 5033=102, 5034=32, 5035=40, 5036=101, 5037=114, 5038=114, 5039=41, 5040=32, 5041=123, 5042=13, 5043=10, 5044=32, 5045=32, 5046=32, 5047=32, 5048=32, 5049=32, 5050=32, 5051=32, 5052=32, 5053=32, 5054=32, 5055=32, 5056=32, 5057=32, 5058=32, 5059=32, 5060=32, 5061=32, 5062=32, 5063=32, 5064=114, 5065=101, 5066=116, 5067=117, 5068=114, 5069=110, 5070=32, 5071=114, 5072=101, 5073=115, 5074=46, 5075=101, 5076=110, 5077=100, 5078=40, 5079=34, 5080=81, 5081=85, 5082=69, 5083=82, 5084=89, 5085=32, 5086=69, 5087=82, 5088=82, 5089=79, 5090=82, 5091=58, 5092=32, 5093=34, 5094=32, 5095=43, 5096=32, 5097=101, 5098=114, 5099=114, 5100=41, 5101=59, 5102=13, 5103=10, 5104=32, 5105=32, 5106=32, 5107=32, 5108=32, 5109=32, 5110=32, 5111=32, 5112=32, 5113=32, 5114=32, 5115=32, 5116=32, 5117=32, 5118=32, 5119=32, 5120=125, 5121=13, 5122=10, 5123=32, 5124=32, 5125=32, 5126=32, 5127=32, 5128=32, 5129=32, 5130=32, 5131=32, 5132=32, 5133=32, 5134=32, 5135=32, 5136=32, 5137=32, 5138=32, 5139=114, 5140=101, 5141=115, 5142=46, 5143=101, 5144=110, 5145=100, 5146=40, 5147=74, 5148=83, 5149=79, 5150=78, 5151=46, 5152=115, 5153=116, 5154=114, 5155=105, 5156=110, 5157=103, 5158=105, 5159=102, 5160=121, 5161=40, 5162=114, 5163=111, 5164=119, 5165=115, 5166=41, 5167=41, 5168=59, 5169=13, 5170=10, 5171=32, 5172=32, 5173=32, 5174=32, 5175=32, 5176=32, 5177=32, 5178=32, 5179=32, 5180=32, 5181=32, 5182=32, 5183=125, 5184=41, 5185=59, 5186=13, 5187=10, 5188=32, 5189=32, 5190=32, 5191=32, 5192=32, 5193=32, 5194=32, 5195=32, 5196=125, 5197=41, 5198=59, 5199=13, 5200=10, 5201=32, 5202=32, 5203=32, 5204=32, 5205=125, 5206=41, 5207=59, 5208=13, 5209=10, 5210=13, 5211=10, 5212=47, 5213=47, 5214=32, 5215=99, 5216=114, 5217=101, 5218=97, 5219=116, 5220=101, 5221=32, 5222=117, 5223=115, 5224=101, 5225=114, 5226=13, 5227=10, 5228=32, 5229=32, 5230=32, 5231=32, 5232=114, 5233=111, 5234=117, 5235=116, 5236=101, 5237=114, 5238=46, 5239=112, 5240=111, 5241=115, 5242=116, 5243=40, 5244=39, 5245=47, 5246=97, 5247=112, 5248=105, 5249=47, 5250=117, 5251=115, 5252=101, 5253=114, 5254=115, 5255=39, 5256=44, 5257=32, 5258=102, 5259=117, 5260=110, 5261=99, 5262=116, 5263=105, 5264=111, 5265=110, 5266=32, 5267=40, 5268=114, 5269=101, 5270=113, 5271=44, 5272=32, 5273=114, 5274=101, 5275=115, 5276=41, 5277=32, 5278=123, 5279=13, 5280=10, 5281=32, 5282=32, 5283=32, 5284=32, 5285=32, 5286=32, 5287=32, 5288=32, 5289=47, 5290=47, 5291=84, 5292=79, 5293=68, 5294=79, 5295=58, 5296=32, 5297=101, 5298=109, 5299=97, 5300=105, 5301=108, 5302=32, 5303=236, 5304=164, 5305=145, 5306=235, 5307=179, 5308=181, 5309=236, 5310=178, 5311=180, 5312=237, 5313=129, 5314=172, 5315=13, 5316=10, 5317=32, 5318=32, 5319=32, 5320=32, 5321=32, 5322=32, 5323=32, 5324=32, 5325=118, 5326=97, 5327=114, 5328=32, 5329=117, 5330=115, 5331=101, 5332=114, 5333=32, 5334=61, 5335=32, 5336=123, 5337=13, 5338=10, 5339=32, 5340=32, 5341=32, 5342=32, 5343=32, 5344=32, 5345=32, 5346=32, 5347=32, 5348=32, 5349=32, 5350=32, 5351=39, 5352=117, 5353=115, 5354=101, 5355=114, 5356=95, 5357=112, 5358=105, 5359=100, 5360=39, 5361=58, 5362=32, 5363=114, 5364=101, 5365=113, 5366=46, 5367=98, 5368=111, 5369=100, 5370=121, 5371=46, 5372=117, 5373=115, 5374=101, 5375=114, 5376=95, 5377=112, 5378=105, 5379=100, 5380=44, 5381=32, 5382=39, 5383=117, 5384=115, 5385=101, 5386=114, 5387=95, 5388=101, 5389=109, 5390=97, 5391=105, 5392=108, 5393=39, 5394=58, 5395=32, 5396=114, 5397=101, 5398=113, 5399=46, 5400=98, 5401=111, 5402=100, 5403=121, 5404=46, 5405=117, 5406=115, 5407=101, 5408=114, 5409=95, 5410=101, 5411=109, 5412=97, 5413=105, 5414=108, 5415=44, 5416=32, 5417=39, 5418=117, 5419=115, 5420=101, 5421=114, 5422=95, 5423=112, 5424=97, 5425=115, 5426=115, 5427=119, 5428=111, 5429=114, 5430=100, 5431=39, 5432=58, 5433=32, 5434=114, 5435=101, 5436=113, 5437=46, 5438=98, 5439=111, 5440=100, 5441=121, 5442=46, 5443=117, 5444=115, 5445=101, 5446=114, 5447=95, 5448=112, 5449=97, 5450=115, 5451=115, 5452=119, 5453=111, 5454=114, 5455=100, 5456=44, 5457=32, 5458=39, 5459=117, 5460=115, 5461=101, 5462=114, 5463=95, 5464=110, 5465=105, 5466=99, 5467=107, 5468=110, 5469=97, 5470=109, 5471=101, 5472=39, 5473=58, 5474=32, 5475=114, 5476=101, 5477=113, 5478=46, 5479=98, 5480=111, 5481=100, 5482=121, 5483=46, 5484=117, 5485=115, 5486=101, 5487=114, 5488=95, 5489=110, 5490=105, 5491=99, 5492=107, 5493=110, 5494=97, 5495=109, 5496=101, 5497=13, 5498=10, 5499=32, 5500=32, 5501=32, 5502=32, 5503=32, 5504=32, 5505=32, 5506=32, 5507=125, 5508=59, 5509=13, 5510=10, 5511=13, 5512=10, 5513=32, 5514=32, 5515=32, 5516=32, 5517=32, 5518=32, 5519=32, 5520=32, 5521=100, 5522=98, 5523=112, 5524=111, 5525=111, 5526=108, 5527=46, 5528=97, 5529=99, 5530=113, 5531=117, 5532=105, 5533=114, 5534=101, 5535=40, 5536=102, 5537=117, 5538=110, 5539=99, 5540=116, 5541=105, 5542=111, 5543=110, 5544=32, 5545=40, 5546=101, 5547=114, 5548=114, 5549=44, 5550=32, 5551=99, 5552=111, 5553=110, 5554=110, 5555=41, 5556=32, 5557=123, 5558=13, 5559=10, 5560=32, 5561=32, 5562=32, 5563=32, 5564=32, 5565=32, 5566=32, 5567=32, 5568=32, 5569=32, 5570=32, 5571=32, 5572=105, 5573=102, 5574=32, 5575=40, 5576=101, 5577=114, 5578=114, 5579=41, 5580=32, 5581=123, 5582=13, 5583=10, 5584=32, 5585=32, 5586=32, 5587=32, 5588=32, 5589=32, 5590=32, 5591=32, 5592=32, 5593=32, 5594=32, 5595=32, 5596=32, 5597=32, 5598=32, 5599=32, 5600=114, 5601=101, 5602=116, 5603=117, 5604=114, 5605=110, 5606=32, 5607=114, 5608=101, 5609=115, 5610=46, 5611=101, 5612=110, 5613=100, 5614=40, 5615=34, 5616=67, 5617=79, 5618=78, 5619=78, 5620=69, 5621=67, 5622=84, 5623=73, 5624=79, 5625=78, 5626=32, 5627=101, 5628=114, 5629=114, 5630=111, 5631=114, 5632=58, 5633=32, 5634=34, 5635=32, 5636=43, 5637=32, 5638=101, 5639=114, 5640=114, 5641=41, 5642=59, 5643=13, 5644=10, 5645=32, 5646=32, 5647=32, 5648=32, 5649=32, 5650=32, 5651=32, 5652=32, 5653=32, 5654=32, 5655=32, 5656=32, 5657=125, 5658=13, 5659=10, 5660=32, 5661=32, 5662=32, 5663=32, 5664=32, 5665=32, 5666=32, 5667=32, 5668=32, 5669=32, 5670=32, 5671=32, 5672=99, 5673=111, 5674=110, 5675=110, 5676=46, 5677=98, 5678=101, 5679=103, 5680=105, 5681=110, 5682=84, 5683=114, 5684=97, 5685=110, 5686=115, 5687=97, 5688=99, 5689=116, 5690=105, 5691=111, 5692=110, 5693=40, 5694=102, 5695=117, 5696=110, 5697=99, 5698=116, 5699=105, 5700=111, 5701=110, 5702=32, 5703=40, 5704=101, 5705=114, 5706=114, 5707=41, 5708=32, 5709=123, 5710=13, 5711=10, 5712=32, 5713=32, 5714=32, 5715=32, 5716=32, 5717=32, 5718=32, 5719=32, 5720=32, 5721=32, 5722=32, 5723=32, 5724=32, 5725=32, 5726=32, 5727=32, 5728=105, 5729=102, 5730=32, 5731=40, 5732=101, 5733=114, 5734=114, 5735=41, 5736=32, 5737=123, 5738=13, 5739=10, 5740=32, 5741=32, 5742=32, 5743=32, 5744=32, 5745=32, 5746=32, 5747=32, 5748=32, 5749=32, 5750=32, 5751=32, 5752=32, 5753=32, 5754=32, 5755=32, 5756=32, 5757=32, 5758=32, 5759=32, 5760=116, 5761=104, 5762=114, 5763=111, 5764=119, 5765=32, 5766=101, 5767=114, 5768=114, 5769=59, 5770=13, 5771=10, 5772=32, 5773=32, 5774=32, 5775=32, 5776=32, 5777=32, 5778=32, 5779=32, 5780=32, 5781=32, 5782=32, 5783=32, 5784=32, 5785=32, 5786=32, 5787=32, 5788=125, 5789=13, 5790=10, 5791=32, 5792=32, 5793=32, 5794=32, 5795=32, 5796=32, 5797=32, 5798=32, 5799=32, 5800=32, 5801=32, 5802=32, 5803=32, 5804=32, 5805=32, 5806=32, 5807=47, 5808=47, 5809=99, 5810=111, 5811=110, 5812=110, 5813=46, 5814=113, 5815=117, 5816=101, 5817=114, 5818=121, 5819=40, 5820=39, 5821=73, 5822=78, 5823=83, 5824=69, 5825=82, 5826=84, 5827=32, 5828=73, 5829=78, 5830=84, 5831=79, 5832=32, 5833=117, 5834=115, 5835=101, 5836=114, 5837=32, 5838=86, 5839=65, 5840=76, 5841=85, 5842=69, 5843=83, 5844=32, 5845=63, 5846=39, 5847=44, 5848=32, 5849=117, 5850=115, 5851=101, 5852=114, 5853=44, 5854=32, 5855=102, 5856=117, 5857=110, 5858=99, 5859=116, 5860=105, 5861=111, 5862=110, 5863=32, 5864=40, 5865=101, 5866=114, 5867=114, 5868=44, 5869=32, 5870=114, 5871=101, 5872=115, 5873=117, 5874=108, 5875=116, 5876=41, 5877=32, 5878=123, 5879=13, 5880=10, 5881=32, 5882=32, 5883=32, 5884=32, 5885=32, 5886=32, 5887=32, 5888=32, 5889=32, 5890=32, 5891=32, 5892=32, 5893=32, 5894=32, 5895=32, 5896=32, 5897=99, 5898=111, 5899=110, 5900=110, 5901=46, 5902=113, 5903=117, 5904=101, 5905=114, 5906=121, 5907=40, 5908=39, 5909=73, 5910=78, 5911=83, 5912=69, 5913=82, 5914=84, 5915=32, 5916=73, 5917=78, 5918=84, 5919=79, 5920=32, 5921=117, 5922=115, 5923=101, 5924=114, 5925=32, 5926=40, 5927=117, 5928=115, 5929=101, 5930=114, 5931=95, 5932=112, 5933=105, 5934=100, 5935=44, 5936=117, 5937=115, 5938=101, 5939=114, 5940=95, 5941=101, 5942=109, 5943=97, 5944=105, 5945=108, 5946=44, 5947=117, 5948=115, 5949=101, 5950=114, 5951=95, 5952=112, 5953=97, 5954=115, 5955=115, 5956=119, 5957=111, 5958=114, 5959=100, 5960=44, 5961=117, 5962=115, 5963=101, 5964=114, 5965=95, 5966=110, 5967=105, 5968=99, 5969=107, 5970=110, 5971=97, 5972=109, 5973=101, 5974=41, 5975=32, 5976=86, 5977=65, 5978=76, 5979=85, 5980=69, 5981=83, 5982=32, 5983=40, 5984=63, 5985=44, 5986=63, 5987=44, 5988=63, 5989=44, 5990=63, 5991=41, 5992=39, 5993=44, 5994=13, 5995=10, 5996=32, 5997=32, 5998=32, 5999=32, 6000=32, 6001=32, 6002=32, 6003=32, 6004=32, 6005=32, 6006=32, 6007=32, 6008=32, 6009=32, 6010=32, 6011=32, 6012=32, 6013=32, 6014=32, 6015=32, 6016=91, 6017=114, 6018=101, 6019=113, 6020=46, 6021=98, 6022=111, 6023=100, 6024=121, 6025=46, 6026=117, 6027=115, 6028=101, 6029=114, 6030=95, 6031=112, 6032=105, 6033=100, 6034=44, 6035=32, 6036=114, 6037=101, 6038=113, 6039=46, 6040=98, 6041=111, 6042=100, 6043=121, 6044=46, 6045=117, 6046=115, 6047=101, 6048=114, 6049=95, 6050=101, 6051=109, 6052=97, 6053=105, 6054=108, 6055=44, 6056=32, 6057=114, 6058=101, 6059=113, 6060=46, 6061=98, 6062=111, 6063=100, 6064=121, 6065=46, 6066=117, 6067=115, 6068=101, 6069=114, 6070=95, 6071=112, 6072=97, 6073=115, 6074=115, 6075=119, 6076=111, 6077=114, 6078=100, 6079=44, 6080=32, 6081=114, 6082=101, 6083=113, 6084=46, 6085=98, 6086=111, 6087=100, 6088=121, 6089=46, 6090=117, 6091=115, 6092=101, 6093=114, 6094=95, 6095=110, 6096=105, 6097=99, 6098=107, 6099=110, 6100=97, 6101=109, 6102=101, 6103=93, 6104=44, 6105=32, 6106=102, 6107=117, 6108=110, 6109=99, 6110=116, 6111=105, 6112=111, 6113=110, 6114=32, 6115=40, 6116=101, 6117=114, 6118=114, 6119=44, 6120=32, 6121=114, 6122=101, 6123=115, 6124=117, 6125=108, 6126=116, 6127=41, 6128=32, 6129=123, 6130=13, 6131=10, 6132=32, 6133=32, 6134=32, 6135=32, 6136=32, 6137=32, 6138=32, 6139=32, 6140=32, 6141=32, 6142=32, 6143=32, 6144=32, 6145=32, 6146=32, 6147=32, 6148=32, 6149=32, 6150=32, 6151=32, 6152=32, 6153=32, 6154=32, 6155=32, 6156=105, 6157=102, 6158=32, 6159=40, 6160=101, 6161=114, 6162=114, 6163=41, 6164=32, 6165=123, 6166=13, 6167=10, 6168=32, 6169=32, 6170=32, 6171=32, 6172=32, 6173=32, 6174=32, 6175=32, 6176=32, 6177=32, 6178=32, 6179=32, 6180=32, 6181=32, 6182=32, 6183=32, 6184=32, 6185=32, 6186=32, 6187=32, 6188=32, 6189=32, 6190=32, 6191=32, 6192=32, 6193=32, 6194=32, 6195=32, 6196=99, 6197=111, 6198=110, 6199=115, 6200=111, 6201=108, 6202=101, 6203=46, 6204=101, 6205=114, 6206=114, 6207=111, 6208=114, 6209=40, 6210=101, 6211=114, 6212=114, 6213=41, 6214=59, 6215=13, 6216=10, 6217=32, 6218=32, 6219=32, 6220=32, 6221=32, 6222=32, 6223=32, 6224=32, 6225=32, 6226=32, 6227=32, 6228=32, 6229=32, 6230=32, 6231=32, 6232=32, 6233=32, 6234=32, 6235=32, 6236=32, 6237=32, 6238=32, 6239=32, 6240=32, 6241=32, 6242=32, 6243=32, 6244=32, 6245=99, 6246=111, 6247=110, 6248=110, 6249=46, 6250=114, 6251=111, 6252=108, 6253=108, 6254=98, 6255=97, 6256=99, 6257=107, 6258=40, 6259=102, 6260=117, 6261=110, 6262=99, 6263=116, 6264=105, 6265=111, 6266=110, 6267=32, 6268=40, 6269=41, 6270=32, 6271=123, 6272=13, 6273=10, 6274=32, 6275=32, 6276=32, 6277=32, 6278=32, 6279=32, 6280=32, 6281=32, 6282=32, 6283=32, 6284=32, 6285=32, 6286=32, 6287=32, 6288=32, 6289=32, 6290=32, 6291=32, 6292=32, 6293=32, 6294=32, 6295=32, 6296=32, 6297=32, 6298=32, 6299=32, 6300=32, 6301=32, 6302=32, 6303=32, 6304=32, 6305=32, 6306=99, 6307=111, 6308=110, 6309=115, 6310=111, 6311=108, 6312=101, 6313=46, 6314=101, 6315=114, 6316=114, 6317=111, 6318=114, 6319=40, 6320=39, 6321=114, 6322=111, 6323=108, 6324=108, 6325=98, 6326=97, 6327=99, 6328=107, 6329=32, 6330=101, 6331=114, 6332=114, 6333=111, 6334=114, 6335=39, 6336=41, 6337=59, 6338=13, 6339=10, 6340=32, 6341=32, 6342=32, 6343=32, 6344=32, 6345=32, 6346=32, 6347=32, 6348=32, 6349=32, 6350=32, 6351=32, 6352=32, 6353=32, 6354=32, 6355=32, 6356=32, 6357=32, 6358=32, 6359=32, 6360=32, 6361=32, 6362=32, 6363=32, 6364=32, 6365=32, 6366=32, 6367=32, 6368=32, 6369=32, 6370=32, 6371=32, 6372=116, 6373=104, 6374=114, 6375=111, 6376=119, 6377=32, 6378=101, 6379=114, 6380=114, 6381=59, 6382=13, 6383=10, 6384=32, 6385=32, 6386=32, 6387=32, 6388=32, 6389=32, 6390=32, 6391=32, 6392=32, 6393=32, 6394=32, 6395=32, 6396=32, 6397=32, 6398=32, 6399=32, 6400=32, 6401=32, 6402=32, 6403=32, 6404=32, 6405=32, 6406=32, 6407=32, 6408=32, 6409=32, 6410=32, 6411=32, 6412=125, 6413=41, 6414=59, 6415=13, 6416=10, 6417=32, 6418=32, 6419=32, 6420=32, 6421=32, 6422=32, 6423=32, 6424=32, 6425=32, 6426=32, 6427=32, 6428=32, 6429=32, 6430=32, 6431=32, 6432=32, 6433=32, 6434=32, 6435=32, 6436=32, 6437=32, 6438=32, 6439=32, 6440=32, 6441=125, 6442=47, 6443=47, 6444=32, 6445=105, 6446=102, 6447=32, 6448=101, 6449=114, 6450=114, 6451=13, 6452=10, 6453=32, 6454=32, 6455=32, 6456=32, 6457=32, 6458=32, 6459=32, 6460=32, 6461=32, 6462=32, 6463=32, 6464=32, 6465=32, 6466=32, 6467=32, 6468=32, 6469=32, 6470=32, 6471=32, 6472=32, 6473=32, 6474=32, 6475=32, 6476=32, 6477=99, 6478=111, 6479=110, 6480=115, 6481=111, 6482=108, 6483=101, 6484=46, 6485=108, 6486=111, 6487=103, 6488=40, 6489=39, 6490=105, 6491=110, 6492=115, 6493=101, 6494=114, 6495=116, 6496=32, 6497=116, 6498=114, 6499=97, 6500=110, 6501=115, 6502=97, 6503=99, 6504=116, 6505=105, 6506=111, 6507=110, 6508=32, 6509=108, 6510=111, 6511=103, 6512=39, 6513=41, 6514=59, 6515=13, 6516=10, 6517=32, 6518=32, 6519=32, 6520=32, 6521=32, 6522=32, 6523=32, 6524=32, 6525=32, 6526=32, 6527=32, 6528=32, 6529=32, 6530=32, 6531=32, 6532=32, 6533=32, 6534=32, 6535=32, 6536=32, 6537=32, 6538=32, 6539=32, 6540=32, 6541=117, 6542=115, 6543=101, 6544=114, 6545=95, 6546=105, 6547=100, 6548=32, 6549=61, 6550=32, 6551=114, 6552=101, 6553=115, 6554=117, 6555=108, 6556=116, 6557=46, 6558=105, 6559=110, 6560=115, 6561=101, 6562=114, 6563=116, 6564=73, 6565=100, 6566=59, 6567=13, 6568=10, 6569=32, 6570=32, 6571=32, 6572=32, 6573=32, 6574=32, 6575=32, 6576=32, 6577=32, 6578=32, 6579=32, 6580=32, 6581=32, 6582=32, 6583=32, 6584=32, 6585=32, 6586=32, 6587=32, 6588=32, 6589=32, 6590=32, 6591=32, 6592=32, 6593=99, 6594=111, 6595=110, 6596=115, 6597=111, 6598=108, 6599=101, 6600=46, 6601=108, 6602=111, 6603=103, 6604=40, 6605=39, 6606=114, 6607=101, 6608=115, 6609=117, 6610=108, 6611=116, 6612=58, 6613=32, 6614=39, 6615=44, 6616=32, 6617=114, 6618=101, 6619=115, 6620=117, 6621=108, 6622=116, 6623=41, 6624=59, 6625=13, 6626=10, 6627=13, 6628=10, 6629=32, 6630=32, 6631=32, 6632=32, 6633=32, 6634=32, 6635=32, 6636=32, 6637=32, 6638=32, 6639=32, 6640=32, 6641=32, 6642=32, 6643=32, 6644=32, 6645=32, 6646=32, 6647=32, 6648=32, 6649=32, 6650=32, 6651=32, 6652=32, 6653=99, 6654=111, 6655=110, 6656=110, 6657=46, 6658=113, 6659=117, 6660=101, 6661=114, 6662=121, 6663=40, 6664=39, 6665=73, 6666=78, 6667=83, 6668=69, 6669=82, 6670=84, 6671=32, 6672=73, 6673=78, 6674=84, 6675=79, 6676=32, 6677=112, 6678=108, 6679=97, 6680=121, 6681=101, 6682=114, 6683=95, 6684=103, 6685=97, 6686=109, 6687=101, 6688=95, 6689=115, 6690=116, 6691=97, 6692=116, 6693=117, 6694=115, 6695=32, 6696=40, 6697=112, 6698=103, 6699=115, 6700=95, 6701=117, 6702=115, 6703=101, 6704=114, 6705=95, 6706=105, 6707=100, 6708=41, 6709=32, 6710=118, 6711=97, 6712=108, 6713=117, 6714=101, 6715=115, 6716=32, 6717=40, 6718=63, 6719=41, 6720=39, 6721=44, 6722=32, 6723=117, 6724=115, 6725=101, 6726=114, 6727=95, 6728=105, 6729=100, 6730=44, 6731=32, 6732=102, 6733=117, 6734=110, 6735=99, 6736=116, 6737=105, 6738=111, 6739=110, 6740=32, 6741=40, 6742=101, 6743=114, 6744=114, 6745=44, 6746=32, 6747=114, 6748=101, 6749=115, 6750=117, 6751=108, 6752=116, 6753=41, 6754=32, 6755=123, 6756=13, 6757=10, 6758=32, 6759=32, 6760=32, 6761=32, 6762=32, 6763=32, 6764=32, 6765=32, 6766=32, 6767=32, 6768=32, 6769=32, 6770=32, 6771=32, 6772=32, 6773=32, 6774=32, 6775=32, 6776=32, 6777=32, 6778=32, 6779=32, 6780=32, 6781=32, 6782=32, 6783=32, 6784=32, 6785=32, 6786=105, 6787=102, 6788=32, 6789=40, 6790=101, 6791=114, 6792=114, 6793=41, 6794=32, 6795=123, 6796=13, 6797=10, 6798=32, 6799=32, 6800=32, 6801=32, 6802=32, 6803=32, 6804=32, 6805=32, 6806=32, 6807=32, 6808=32, 6809=32, 6810=32, 6811=32, 6812=32, 6813=32, 6814=32, 6815=32, 6816=32, 6817=32, 6818=32, 6819=32, 6820=32, 6821=32, 6822=32, 6823=32, 6824=32, 6825=32, 6826=32, 6827=32, 6828=32, 6829=32, 6830=99, 6831=111, 6832=110, 6833=115, 6834=111, 6835=108, 6836=101, 6837=46, 6838=101, 6839=114, 6840=114, 6841=111, 6842=114, 6843=40, 6844=101, 6845=114, 6846=114, 6847=41, 6848=59, 6849=13, 6850=10, 6851=32, 6852=32, 6853=32, 6854=32, 6855=32, 6856=32, 6857=32, 6858=32, 6859=32, 6860=32, 6861=32, 6862=32, 6863=32, 6864=32, 6865=32, 6866=32, 6867=32, 6868=32, 6869=32, 6870=32, 6871=32, 6872=32, 6873=32, 6874=32, 6875=32, 6876=32, 6877=32, 6878=32, 6879=32, 6880=32, 6881=32, 6882=32, 6883=99, 6884=111, 6885=110, 6886=110, 6887=46, 6888=114, 6889=111, 6890=108, 6891=108, 6892=98, 6893=97, 6894=99, 6895=107, 6896=40, 6897=102, 6898=117, 6899=110, 6900=99, 6901=116, 6902=105, 6903=111, 6904=110, 6905=32, 6906=40, 6907=41, 6908=32, 6909=123, 6910=13, 6911=10, 6912=32, 6913=32, 6914=32, 6915=32, 6916=32, 6917=32, 6918=32, 6919=32, 6920=32, 6921=32, 6922=32, 6923=32, 6924=32, 6925=32, 6926=32, 6927=32, 6928=32, 6929=32, 6930=32, 6931=32, 6932=32, 6933=32, 6934=32, 6935=32, 6936=32, 6937=32, 6938=32, 6939=32, 6940=32, 6941=32, 6942=32, 6943=32, 6944=32, 6945=32, 6946=32, 6947=32, 6948=99, 6949=111, 6950=110, 6951=115, 6952=111, 6953=108, 6954=101, 6955=46, 6956=101, 6957=114, 6958=114, 6959=111, 6960=114, 6961=40, 6962=39, 6963=114, 6964=111, 6965=108, 6966=108, 6967=98, 6968=97, 6969=99, 6970=107, 6971=32, 6972=101, 6973=114, 6974=114, 6975=111, 6976=114, 6977=39, 6978=41, 6979=59, 6980=13, 6981=10, 6982=32, 6983=32, 6984=32, 6985=32, 6986=32, 6987=32, 6988=32, 6989=32, 6990=32, 6991=32, 6992=32, 6993=32, 6994=32, 6995=32, 6996=32, 6997=32, 6998=32, 6999=32, 7000=32, 7001=32, 7002=32, 7003=32, 7004=32, 7005=32, 7006=32, 7007=32, 7008=32, 7009=32, 7010=32, 7011=32, 7012=32, 7013=32, 7014=32, 7015=32, 7016=32, 7017=32, 7018=116, 7019=104, 7020=114, 7021=111, 7022=119, 7023=32, 7024=101, 7025=114, 7026=114, 7027=59, 7028=13, 7029=10, 7030=32, 7031=32, 7032=32, 7033=32, 7034=32, 7035=32, 7036=32, 7037=32, 7038=32, 7039=32, 7040=32, 7041=32, 7042=32, 7043=32, 7044=32, 7045=32, 7046=32, 7047=32, 7048=32, 7049=32, 7050=32, 7051=32, 7052=32, 7053=32, 7054=32, 7055=32, 7056=32, 7057=32, 7058=32, 7059=32, 7060=32, 7061=32, 7062=125, 7063=41, 7064=59, 7065=13, 7066=10, 7067=32, 7068=32, 7069=32, 7070=32, 7071=32, 7072=32, 7073=32, 7074=32, 7075=32, 7076=32, 7077=32, 7078=32, 7079=32, 7080=32, 7081=32, 7082=32, 7083=32, 7084=32, 7085=32, 7086=32, 7087=32, 7088=32, 7089=32, 7090=32, 7091=32, 7092=32, 7093=32, 7094=32, 7095=125, 7096=47, 7097=47, 7098=32, 7099=105, 7100=102, 7101=32, 7102=101, 7103=114, 7104=114, 7105=13, 7106=10, 7107=32, 7108=32, 7109=32, 7110=32, 7111=32, 7112=32, 7113=32, 7114=32, 7115=32, 7116=32, 7117=32, 7118=32, 7119=32, 7120=32, 7121=32, 7122=32, 7123=32, 7124=32, 7125=32, 7126=32, 7127=32, 7128=32, 7129=32, 7130=32, 7131=32, 7132=32, 7133=32, 7134=32, 7135=99, 7136=111, 7137=110, 7138=110, 7139=46, 7140=99, 7141=111, 7142=109, 7143=109, 7144=105, 7145=116, 7146=40, 7147=102, 7148=117, 7149=110, 7150=99, 7151=116, 7152=105, 7153=111, 7154=110, 7155=32, 7156=40, 7157=101, 7158=114, 7159=114, 7160=41, 7161=32, 7162=123, 7163=13, 7164=10, 7165=32, 7166=32, 7167=32, 7168=32, 7169=32, 7170=32, 7171=32, 7172=32, 7173=32, 7174=32, 7175=32, 7176=32, 7177=32, 7178=32, 7179=32, 7180=32, 7181=32, 7182=32, 7183=32, 7184=32, 7185=32, 7186=32, 7187=32, 7188=32, 7189=32, 7190=32, 7191=32, 7192=32, 7193=32, 7194=32, 7195=32, 7196=32, 7197=105, 7198=102, 7199=32, 7200=40, 7201=101, 7202=114, 7203=114, 7204=41, 7205=32, 7206=123, 7207=13, 7208=10, 7209=32, 7210=32, 7211=32, 7212=32, 7213=32, 7214=32, 7215=32, 7216=32, 7217=32, 7218=32, 7219=32, 7220=32, 7221=32, 7222=32, 7223=32, 7224=32, 7225=32, 7226=32, 7227=32, 7228=32, 7229=32, 7230=32, 7231=32, 7232=32, 7233=32, 7234=32, 7235=32, 7236=32, 7237=32, 7238=32, 7239=32, 7240=32, 7241=32, 7242=32, 7243=32, 7244=32, 7245=99, 7246=111, 7247=110, 7248=115, 7249=111, 7250=108, 7251=101, 7252=46, 7253=101, 7254=114, 7255=114, 7256=111, 7257=114, 7258=40, 7259=101, 7260=114, 7261=114, 7262=41, 7263=59, 7264=13, 7265=10, 7266=32, 7267=32, 7268=32, 7269=32, 7270=32, 7271=32, 7272=32, 7273=32, 7274=32, 7275=32, 7276=32, 7277=32, 7278=32, 7279=32, 7280=32, 7281=32, 7282=32, 7283=32, 7284=32, 7285=32, 7286=32, 7287=32, 7288=32, 7289=32, 7290=32, 7291=32, 7292=32, 7293=32, 7294=32, 7295=32, 7296=32, 7297=32, 7298=32, 7299=32, 7300=32, 7301=32, 7302=99, 7303=111, 7304=110, 7305=110, 7306=46, 7307=114, 7308=111, 7309=108, 7310=108, 7311=98, 7312=97, 7313=99, 7314=107, 7315=40, 7316=102, 7317=117, 7318=110, 7319=99, 7320=116, 7321=105, 7322=111, 7323=110, 7324=32, 7325=40, 7326=41, 7327=32, 7328=123, 7329=13, 7330=10, 7331=32, 7332=32, 7333=32, 7334=32, 7335=32, 7336=32, 7337=32, 7338=32, 7339=32, 7340=32, 7341=32, 7342=32, 7343=32, 7344=32, 7345=32, 7346=32, 7347=32, 7348=32, 7349=32, 7350=32, 7351=32, 7352=32, 7353=32, 7354=32, 7355=32, 7356=32, 7357=32, 7358=32, 7359=32, 7360=32, 7361=32, 7362=32, 7363=32, 7364=32, 7365=32, 7366=32, 7367=32, 7368=32, 7369=32, 7370=32, 7371=99, 7372=111, 7373=110, 7374=115, 7375=111, 7376=108, 7377=101, 7378=46, 7379=101, 7380=114, 7381=114, 7382=111, 7383=114, 7384=40, 7385=39, 7386=114, 7387=111, 7388=108, 7389=108, 7390=98, 7391=97, 7392=99, 7393=107, 7394=32, 7395=101, 7396=114, 7397=114, 7398=111, 7399=114, 7400=39, 7401=41, 7402=59, 7403=13, 7404=10, 7405=32, 7406=32, 7407=32, 7408=32, 7409=32, 7410=32, 7411=32, 7412=32, 7413=32, 7414=32, 7415=32, 7416=32, 7417=32, 7418=32, 7419=32, 7420=32, 7421=32, 7422=32, 7423=32, 7424=32, 7425=32, 7426=32, 7427=32, 7428=32, 7429=32, 7430=32, 7431=32, 7432=32, 7433=32, 7434=32, 7435=32, 7436=32, 7437=32, 7438=32, 7439=32, 7440=32, 7441=32, 7442=32, 7443=32, 7444=32, 7445=116, 7446=104, 7447=114, 7448=111, 7449=119, 7450=32, 7451=101, 7452=114, 7453=114, 7454=59, 7455=13, 7456=10, 7457=32, 7458=32, 7459=32, 7460=32, 7461=32, 7462=32, 7463=32, 7464=32, 7465=32, 7466=32, 7467=32, 7468=32, 7469=32, 7470=32, 7471=32, 7472=32, 7473=32, 7474=32, 7475=32, 7476=32, 7477=32, 7478=32, 7479=32, 7480=32, 7481=32, 7482=32, 7483=32, 7484=32, 7485=32, 7486=32, 7487=32, 7488=32, 7489=32, 7490=32, 7491=32, 7492=32, 7493=125, 7494=41, 7495=59, 7496=13, 7497=10, 7498=32, 7499=32, 7500=32, 7501=32, 7502=32, 7503=32, 7504=32, 7505=32, 7506=32, 7507=32, 7508=32, 7509=32, 7510=32, 7511=32, 7512=32, 7513=32, 7514=32, 7515=32, 7516=32, 7517=32, 7518=32, 7519=32, 7520=32, 7521=32, 7522=32, 7523=32, 7524=32, 7525=32, 7526=32, 7527=32, 7528=32, 7529=32, 7530=125, 7531=47, 7532=47, 7533=32, 7534=105, 7535=102, 7536=32, 7537=101, 7538=114, 7539=114, 7540=13, 7541=10, 7542=32, 7543=32, 7544=32, 7545=32, 7546=32, 7547=32, 7548=32, 7549=32, 7550=32, 7551=32, 7552=32, 7553=32, 7554=32, 7555=32, 7556=32, 7557=32, 7558=32, 7559=32, 7560=32, 7561=32, 7562=32, 7563=32, 7564=32, 7565=32, 7566=32, 7567=32, 7568=32, 7569=32, 7570=32, 7571=32, 7572=32, 7573=32, 7574=114, 7575=101, 7576=115, 7577=46, 7578=115, 7579=101, 7580=110, 7581=100, 7582=40, 7583=50, 7584=48, 7585=48, 7586=44, 7587=32, 7588=39, 7589=115, 7590=117, 7591=99, 7592=99, 7593=101, 7594=115, 7595=115, 7596=39, 7597=41, 7598=59, 7599=13, 7600=10, 7601=13, 7602=10, 7603=32, 7604=32, 7605=32, 7606=32, 7607=32, 7608=32, 7609=32, 7610=32, 7611=32, 7612=32, 7613=32, 7614=32, 7615=32, 7616=32, 7617=32, 7618=32, 7619=32, 7620=32, 7621=32, 7622=32, 7623=32, 7624=32, 7625=32, 7626=32, 7627=32, 7628=32, 7629=32, 7630=32, 7631=125, 7632=41, 7633=59, 7634=47, 7635=47, 7636=32, 7637=99, 7638=111, 7639=109, 7640=109, 7641=105, 7642=116, 7643=13, 7644=10, 7645=32, 7646=32, 7647=32, 7648=32, 7649=32, 7650=32, 7651=32, 7652=32, 7653=32, 7654=32, 7655=32, 7656=32, 7657=32, 7658=32, 7659=32, 7660=32, 7661=32, 7662=32, 7663=32, 7664=32, 7665=32, 7666=32, 7667=32, 7668=32, 7669=125, 7670=41, 7671=59, 7672=47, 7673=47, 7674=32, 7675=105, 7676=110, 7677=115, 7678=101, 7679=114, 7680=116, 7681=32, 7682=105, 7683=110, 7684=116, 7685=111, 7686=32, 7687=108, 7688=111, 7689=103, 7690=13, 7691=10, 7692=32, 7693=32, 7694=32, 7695=32, 7696=32, 7697=32, 7698=32, 7699=32, 7700=32, 7701=32, 7702=32, 7703=32, 7704=32, 7705=32, 7706=32, 7707=32, 7708=32, 7709=32, 7710=32, 7711=32, 7712=125, 7713=41, 7714=59, 7715=47, 7716=47, 7717=32, 7718=105, 7719=110, 7720=115, 7721=101, 7722=116, 7723=32, 7724=105, 7725=110, 7726=116, 7727=111, 7728=32, 7729=117, 7730=115, 7731=101, 7732=114, 7733=115, 7734=13, 7735=10, 7736=32, 7737=32, 7738=32, 7739=32, 7740=32, 7741=32, 7742=32, 7743=32, 7744=32, 7745=32, 7746=32, 7747=32, 7748=125, 7749=41, 7750=59, 7751=32, 7752=47, 7753=47, 7754=32, 7755=98, 7756=101, 7757=103, 7758=105, 7759=110, 7760=32, 7761=116, 7762=114, 7763=110, 7764=115, 7765=97, 7766=99, 7767=116, 7768=105, 7769=111, 7770=110, 7771=13, 7772=10, 7773=32, 7774=32, 7775=32, 7776=32, 7777=32, 7778=32, 7779=32, 7780=32, 7781=125, 7782=41, 7783=59, 7784=13, 7785=10, 7786=32, 7787=32, 7788=32, 7789=32, 7790=125, 7791=41, 7792=59, 7793=13, 7794=10, 7795=13, 7796=10, 7797=32, 7798=32, 7799=32, 7800=32, 7801=114, 7802=101, 7803=116, 7804=117, 7805=114, 7806=110, 7807=32, 7808=114, 7809=111, 7810=117, 7811=116, 7812=101, 7813=114, 7814=59, 7815=13, 7816=10, 7817=125, 7818=0, 7819=2, 7820=46, 7821=1, 7822=0, 7823=0, 7824=7, 7825=0, 7826=0, 7827=2, 7828=0, 7829=0, 7830=0, 7831=2, 7832=0, 7833=0, 7834=0, 7835=45, 7836=108, 7837=111, 7838=103, 7839=0, 7840=69, 7841=14, 7842=0, 7843=0, 7844=126, 7845=121, 7846=102, 7847=115, 7848=48, 7849=49, 7850=68, 7851=69, 7852=0, 7853=255, 7854=255, 7855=8, 7856=2, 7857=0, 7858=127, 7859=192, 7860=21, 7861=0, 7862=0, 7863=0, 7864=0, 7865=0, 7866=0, 7867=0, 7868=0, 7869=0, 7870=0, 7871=108, 7872=112, 7873=111, 7874=93, 7875=101, 7876=96, 7877=51, 7878=124, 7879=58, 7880=72, 7881=61, 7882=57, 7883=0, 7884=109, 7885=121, 7886=115, 7887=113, 7888=108, 7889=95, 7890=110, 7891=97, 7892=116, 7893=105, 7894=118, 7895=101, 7896=95, 7897=112, 7898=97, 7899=115, 7900=115, 7901=119, 7902=111, 7903=114, 7904=100, 7905=0, 7906=0, 7907=2, 7908=224, 7909=166, 7910=0, 7911=2, 7912=126, 7913=121, 7914=102, 7915=115, 7916=48, 7917=49, 7918=68, 7919=69, 7920=0, 7921=154, 7922=0, 7923=2, 7924=128, 7925=154, 7926=0, 7927=2, 7928=0, 7929=0, 7930=0, 7931=0, 7932=0, 7933=0, 7934=0, 7935=0, 7936=0, 7937=0, 7938=0, 7939=2, 7940=1, 7941=0, 7942=0, 7943=0, 7944=108, 7945=112, 7946=111, 7947=93, 7948=101, 7949=96, 7950=51, 7951=124, 7952=58, 7953=72, 7954=61, 7955=57, 7956=3, 7957=0, 7958=0, 7959=0, 7960=0, 7961=157, 7962=0, 7963=2, 7964=4, 7965=0, 7966=0, 7967=0, 7968=126, 7969=121, 7970=102, 7971=115, 7972=48, 7973=49, 7974=68, 7975=69, 7976=108, 7977=112, 7978=111, 7979=93, 7980=101, 7981=96, 7982=51, 7983=124, 7984=58, 7985=72, 7986=61, 7987=57, 7988=7, 7989=0, 7990=0, 7991=0, 7992=33, 7993=97, 7994=114, 7995=99, 7996=104, 7997=49, 7998=48, 7999=48, 8000=52, 8001=115, 8002=0, 8003=0, 8004=1, 8005=0, 8006=0, 8007=0, 8008=121, 8009=7, 8010=213, 8011=135, 8012=63, 8013=191, 8014=239, 8015=229, 8016=243, 8017=46, 8018=72, 8019=250, 8020=90, 8021=255, 8022=9, 8023=171, 8024=169, 8025=67, 8026=46, 8027=162, 8028=144, 8029=231, 8030=29, 8031=1, 8032=229, 8033=194, 8034=100, 8035=233, 8036=199, 8037=105, 8038=240, 8039=80, 8040=251, 8041=135, 8042=115, 8043=170, 8044=44, 8045=123, 8046=163, 8047=179, 8048=122, 8049=25, 8050=41, 8051=243, 8052=24, 8053=178, 8054=0, 8055=2, 8056=156, 8057=197, 8058=177, 8059=110, 8060=248, 8061=214, 8062=31, 8063=181, 8064=8, 8065=169, 8066=59, 8067=80, 8068=118, 8069=132, 8070=170, 8071=24, 8072=211, 8073=90, 8074=7, 8075=81, 8076=0, 8077=0, 8078=0, 8079=0, 8080=207, 8081=243, 8082=2, 8083=0, 8084=5, 8085=0, 8086=0, 8087=0, 8088=207, 8089=243, 8090=2, 8091=0, 8092=0, 8093=0, 8094=0, 8095=0, 8096=207, 8097=243, 8098=2, 8099=0, 8100=0, 8101=0, 8102=0, 8103=0, 8104=33, 8105=59, 8106=142, 8107=1, 8108=136, 8109=153, 8110=0, 8111=2, 8112=207, 8113=243, 8114=2, 8115=0, 8116=0, 8117=0, 8118=0, 8119=0, 8120=33, 8121=0, 8122=0, 8123=0, 8124=0, 8125=0, 8126=0, 8127=0, 8128=0, 8129=0, 8130=0, 8131=0, 8132=0, 8133=0, 8134=0, 8135=0, 8136=0, 8137=0, 8138=0, 8139=0, 8140=0, 8141=0, 8142=0, 8143=0, 8144=207, 8145=243, 8146=2, 8147=0, 8148=0, 8149=0, 8150=0, 8151=0, 8152=33, 8153=0, 8154=0, 8155=0, 8156=0, 8157=0, 8158=0, 8159=0, 8160=0, 8161=0, 8162=0, 8163=0, 8164=0, 8165=0, 8166=0, 8167=0, 8168=0, 8169=0, 8170=0, 8171=0, 8172=0, 8173=0, 8174=0, 8175=0, 8176=119, 8177=101, 8178=100, 8179=97, 8180=100, 8181=109, 8182=105, 8183=110, 8184=0, 8185=40, 8186=0, 8187=0, 8188=144, 8189=178, 8190=0, 8191=2, length=8192, used=8192, offset=7912, 0=0, length=1, $ref=$["_protocol"]["_handshakeSequence"]["_handshakeInitializationPacket"]["scrambleBuff1"]["parent"], offset=7920, serverCapabilities1=65535, serverLanguage=8, serverStatus=2, serverCapabilities2=49279, scrambleLength=21, 0=0, 1=0, 2=0, 3=0, 4=0, 5=0, 6=0, 7=0, 8=0, 9=0, length=10, $ref=$["_protocol"]["_handshakeSequence"]["_handshakeInitializationPacket"]["scrambleBuff1"]["parent"], offset=7928, 0=108, 1=112, 2=111, 3=93, 4=101, 5=96, 6=51, 7=124, 8=58, 9=72, 10=61, 11=57, length=12, $ref=$["_protocol"]["_handshakeSequence"]["_handshakeInitializationPacket"]["scrambleBuff1"]["parent"], offset=7944, 0=0, length=1, $ref=$["_protocol"]["_handshakeSequence"]["_handshakeInitializationPacket"]["scrambleBuff1"]["parent"], offset=7960, pluginData=mysql_native_password, protocol41=true, _handshaked=true, _ended=false, _destroyed=false, _queue=[], $ref=$["_protocol"]["_handshakeSequence"]["_handshakeInitializationPacket"], _supportBigNumbers=false, 0=7, 1=0, 2=0, 3=2, 4=0, 5=0, 6=0, 7=2, 8=0, 9=0, 10=0, length=11, $ref=$["_protocol"]["_handshakeSequence"]["_handshakeInitializationPacket"]["scrambleBuff1"]["parent"], offset=7824, _longPacketBuffers=[], _offset=11, _packetEnd=null, _packetHeader=null, _onPacket=function () { [native code] }, _nextPacketNumber=3, _encoding=utf-8, _paused=false, _connectCalled=true, state=authenticated, threadId=3653
